nohup: ignoring input
23-11-2020:21:54:27,826 INFO     [main.py:302] == == == == == == == == == == == == == == == == == == == ==  Wood.txt == == == == == == == == == == == == == == == == == == == == 
23-11-2020:21:54:27,826 INFO     [main.py:305] 精确线搜索下的阻尼牛顿法
23-11-2020:21:54:27,912 INFO     [newton_method.py:137] 迭代第1轮，当前函数调用次数1，当前X取值为[-3 -1 -3 -1]，下降方向为[0.30318037 7.1764779  0.33664071 6.86480406]，当前函数值为19192.0
23-11-2020:21:54:27,976 INFO     [newton_method.py:137] 迭代第2轮，当前函数调用次数54，当前X取值为[-2.6873438   6.400777   -2.65283767  6.07936187]，下降方向为[ 0.8758471  -4.14872347  0.82421753 -3.70662253]，当前函数值为1275.32459002
23-11-2020:21:54:28,68 INFO     [newton_method.py:137] 迭代第3轮，当前函数调用次数106，当前X取值为[-1.76978215  2.05445957 -1.78936459  2.19620161]，下降方向为[ 0.29065279 -0.12109742  0.34888199 -0.4314249 ]，当前函数值为273.26130194
23-11-2020:21:54:28,162 INFO     [newton_method.py:137] 迭代第4轮，当前函数调用次数165，当前X取值为[-1.30836615  1.86221547 -1.23550879  1.5113076 ]，下降方向为[ 1.98078818 -5.10464728 -0.59453918  1.50431872]，当前函数值为31.48656719
23-11-2020:21:54:28,206 INFO     [newton_method.py:137] 迭代第5轮，当前函数调用次数214，当前X取值为[-0.79985178  0.55173385 -1.38814082  1.89750119]，下降方向为[ 0.0474747   0.01781305  0.19818652 -0.51622559]，当前函数值为11.99479515
23-11-2020:21:54:28,228 INFO     [newton_method.py:137] 迭代第6轮，当前函数调用次数268，当前X取值为[-0.75055783  0.57022951 -1.1823597   1.36149357]，下降方向为[ 0.09282158 -0.13433263 -0.01962749  0.09384646]，当前函数值为8.06090133
23-11-2020:21:54:28,249 INFO     [newton_method.py:137] 迭代第7轮，当前函数调用次数322，当前X取值为[-0.65655718  0.43419052 -1.2022365   1.45653211]，下降方向为[ 0.24618384 -0.31447897 -0.13426144  0.32121925]，当前函数值为7.83014451
23-11-2020:21:54:28,271 INFO     [newton_method.py:137] 迭代第8轮，当前函数调用次数376，当前X取值为[-0.55386899  0.30301506 -1.25823963  1.59051907]，下降方向为[ 0.12856532 -0.1266659  -0.05009475  0.12860965]，当前函数值为7.79954693
23-11-2020:21:54:28,291 INFO     [newton_method.py:137] 迭代第9轮，当前函数调用次数420，当前X取值为[-0.39234874  0.14388111 -1.32117508  1.75209502]，下降方向为[ 0.14109974 -0.08833514 -0.0316986   0.08690308]，当前函数值为7.70735702
23-11-2020:21:54:28,313 INFO     [newton_method.py:137] 迭代第10轮，当前函数调用次数472，当前X取值为[-0.1947001   0.02014367 -1.3655776   1.87382646]，下降方向为[ 0.15578402 -0.03043171 -0.01112326  0.03095068]，当前函数值为7.51819
23-11-2020:21:54:28,335 INFO     [newton_method.py:137] 迭代第11轮，当前函数调用次数527，当前X取值为[ 0.03738556 -0.02519323 -1.38214894  1.9199365 ]，下降方向为[ 0.16697314  0.05142699  0.01855355 -0.05125898]，当前函数值为7.16940633
23-11-2020:21:54:28,356 INFO     [newton_method.py:137] 迭代第12轮，当前函数调用次数580，当前X取值为[ 0.30448122  0.05707106 -1.35247008  1.83794098]，下降方向为[ 0.17376365  0.15322338  0.05626842 -0.15117155]，当前函数值为6.57915661
23-11-2020:21:54:28,404 INFO     [newton_method.py:137] 迭代第13轮，当前函数调用次数638，当前X取值为[ 0.60115533  0.31867589 -1.2564006   1.57983934]，下降方向为[ 0.16998518  0.25726072  0.10279665 -0.24997549]，当前函数值为5.6950472
23-11-2020:21:54:28,443 INFO     [newton_method.py:137] 迭代第14轮，当前函数调用次数695，当前X取值为[ 0.90573595  0.77963741 -1.07220886  1.13193155]，下降方向为[ 0.13848567  0.29805326  0.14079833 -0.27654704]，当前函数值为4.58755734
23-11-2020:21:54:28,483 INFO     [newton_method.py:137] 迭代第15轮，当前函数调用次数743，当前X取值为[ 1.1594924   1.32578014 -0.81421476  0.62519609]，下降方向为[ 0.07752688  0.20069472  0.13995467 -0.18522166]，当前函数值为3.55293514
23-11-2020:21:54:28,522 INFO     [newton_method.py:137] 迭代第16轮，当前函数调用次数797，当前X取值为[ 1.32442252  1.75273663 -0.5164762   0.23115687]，下降方向为[ 0.03170551  0.08671836  0.13785704 -0.10147948]，当前函数值为2.75325266
23-11-2020:21:54:28,561 INFO     [newton_method.py:137] 迭代第17轮，当前函数调用次数852，当前X取值为[ 1.39060472  1.93375284 -0.22871294  0.01932826]，下降方向为[ 0.0132485   0.03832785  0.14146296 -0.02571715]，当前函数值为2.14872284
23-11-2020:21:54:28,601 INFO     [newton_method.py:137] 迭代第18轮，当前函数调用次数909，当前X取值为[ 1.41656754  2.00886317  0.04850922 -0.03106913]，下降方向为[-0.02246502 -0.06442006  0.14290546  0.05314303]，当前函数值为1.60094479
23-11-2020:21:54:28,655 INFO     [newton_method.py:137] 迭代第19轮，当前函数调用次数967，当前X取值为[1.37312626 1.88429214 0.32484983 0.07169516]，下降方向为[-0.04083271 -0.10977855  0.13488834  0.12627791]，当前函数值为1.04612889
23-11-2020:21:54:28,727 INFO     [newton_method.py:137] 迭代第20轮，当前函数调用次数1020，当前X取值为[1.2899908  1.66078283 0.59948273 0.3287972 ]，下降方向为[-0.0684848  -0.17271237  0.11077691  0.16636617]，当前函数值为0.50827291
23-11-2020:21:54:28,755 INFO     [newton_method.py:137] 迭代第21轮，当前函数调用次数1078，当前X取值为[1.14591541 1.29743791 0.83253047 0.67879125]，下降方向为[-0.05260764 -0.10519652  0.06811784  0.12824442]，当前函数值为0.1363043
23-11-2020:21:54:28,779 INFO     [newton_method.py:137] 迭代第22轮，当前函数调用次数1135，当前X取值为[1.04102536 1.08769522 0.96834503 0.93448725]，下降方向为[-0.04402686 -0.09547447  0.03540009  0.07190249]，当前函数值为0.01244669
23-11-2020:21:54:28,808 INFO     [newton_method.py:137] 迭代第23轮，当前函数调用次数1189，当前X取值为[1.00218256 1.00346266 0.99957683 0.99792338]，下降方向为[-0.00205649 -0.00321597  0.00030374  0.0018374 ]，当前函数值为0.00024579
23-11-2020:21:54:28,847 INFO     [newton_method.py:137] 迭代第24轮，当前函数调用次数1243，当前X取值为[1.0001161  1.0002311  0.99988205 0.99976969]，下降方向为[-0.00011612 -0.00023115  0.00011799  0.00023036]，当前函数值为5e-08
23-11-2020:21:54:28,886 INFO     [newton_method.py:137] 迭代第25轮，当前函数调用次数1297，当前X取值为[1.00000002 1.00000002 1.         0.99999998]，下降方向为[-1.91646055e-08 -2.42803676e-08  4.10817451e-09  2.08134031e-08]，当前函数值为0.0
23-11-2020:21:54:28,889 INFO     [newton_method.py:154] 因为函数值下降在1e-08以内，ELS的阻尼牛顿法，迭代结束，迭代轮次25，函数调用次数1350，最终X=[1.00000002 1.00000002 1.         0.99999998]，最终函数值=6.748907929329817e-26
23-11-2020:21:54:28,889 INFO     [main.py:313] 非精确线搜索下的阻尼牛顿法
23-11-2020:21:54:28,911 INFO     [newton_method.py:142] 迭代第1轮，当前函数调用次数1，当前X取值为[-3 -1 -3 -1]，下降方向为[0.30318037 7.1764779  0.33664071 6.86480406]，当前函数值为19192.0
23-11-2020:21:54:29,62 INFO     [newton_method.py:142] 迭代第2轮，当前函数调用次数13，当前X取值为[-2.88157017  1.80331168 -2.86849972  1.68156409]，下降方向为[0.37102414 3.53102016 0.40707616 3.28897197]，当前函数值为8134.62395533
23-11-2020:21:54:29,179 INFO     [newton_method.py:142] 迭代第3轮，当前函数调用次数25，当前X取值为[-2.73663886  3.18261643 -2.7094856   2.96631877]，下降方向为[0.42471819 1.31965857 0.4593532  1.15072038]，当前函数值为3777.17468469
23-11-2020:21:54:29,290 INFO     [newton_method.py:142] 迭代第4轮，当前函数调用次数37，当前X取值为[-2.57073332  3.69810806 -2.53005075  3.41581891]，下降方向为[ 0.45741437  0.04695579  0.48692002 -0.0463868 ]，当前函数值为1935.98063489
23-11-2020:21:54:29,397 INFO     [newton_method.py:142] 迭代第5轮，当前函数调用次数49，当前X取值为[-2.39205583  3.71645017 -2.33984762  3.39769907]，下降方向为[ 0.46750089 -0.61693159  0.48967809 -0.64229841]，当前函数值为1074.73521679
23-11-2020:21:54:29,512 INFO     [newton_method.py:142] 迭代第6轮，当前函数调用次数61，当前X取值为[-2.20943829  3.47546127 -2.14856712  3.14680125]，下降方向为[ 0.45754428 -0.90064346  0.47207043 -0.87496846]，当前函数值为625.96458119
23-11-2020:21:54:29,624 INFO     [newton_method.py:142] 迭代第7轮，当前函数调用次数73，当前X取值为[-2.03071006  3.12364742 -1.96416461  2.8050167 ]，下降方向为[ 0.43219734 -0.9616606   0.44016531 -0.90500789]，当前函数值为372.13159783
23-11-2020:21:54:29,756 INFO     [newton_method.py:142] 迭代第8轮，当前函数调用次数85，当前X取值为[-1.86188297  2.74799874 -1.79222503  2.45149799]，下降方向为[ 0.39644169 -0.90403579  0.39957393 -0.83383201]，当前函数值为222.06579161
23-11-2020:21:54:30,49 INFO     [newton_method.py:142] 迭代第9轮，当前函数调用次数97，当前X取值为[-1.70702294  2.39485976 -1.63614146  2.12578236]，下降方向为[ 0.35458678 -0.79243944  0.35459419 -0.72086315]，当前函数值为132.10553466
23-11-2020:21:54:30,210 INFO     [newton_method.py:142] 迭代第10轮，当前函数调用次数109，当前X取值为[-1.56851248  2.08531311 -1.49762811  1.84419519]，下降方向为[ 0.30991621 -0.66417544  0.30817777 -0.598297  ]，当前函数值为78.43378676
23-11-2020:21:54:30,432 INFO     [newton_method.py:142] 迭代第11轮，当前函数调用次数121，当前X取值为[-1.44745146  1.82586958 -1.37724617  1.61048543]，下降方向为[ 0.2647425  -0.53886366  0.26224472 -0.48201713]，当前函数值为46.90466663
23-11-2020:21:54:30,641 INFO     [newton_method.py:142] 迭代第12轮，当前函数调用次数133，当前X取值为[-1.34403642  1.61537596 -1.27480683  1.42219749]，下降方向为[ 0.22066    -0.4255603   0.21806485 -0.37879645]，当前函数值为28.79531807
23-11-2020:21:54:30,754 INFO     [newton_method.py:142] 迭代第13轮，当前函数调用次数145，当前X取值为[-1.2578411   1.44914147 -1.18962524  1.27423012]，下降方向为[ 0.17884733 -0.32755009  0.17659157 -0.29070381]，当前函数值为18.68626918
23-11-2020:21:54:31,48 INFO     [newton_method.py:142] 迭代第14轮，当前函数调用次数157，当前X取值为[-1.18797887  1.32119221 -1.12064416  1.16067395]，下降方向为[ 0.14031537 -0.24530568  0.13869981 -0.21765038]，当前函数值为13.2358884
23-11-2020:21:54:31,174 INFO     [newton_method.py:142] 迭代第15轮，当前函数调用次数169，当前X取值为[-1.13316818  1.22536968 -1.06646455  1.07565427]，下降方向为[ 0.10601561 -0.17811379  0.10528246 -0.15874156]，当前函数值为10.41618728
23-11-2020:21:54:31,293 INFO     [newton_method.py:142] 迭代第16轮，当前函数调用次数181，当前X取值为[-1.09175583  1.15579398 -1.02533859  1.01364585]，下降方向为[ 0.07675206 -0.12476441  0.07716938 -0.11285581]，当前函数值为9.0248804
23-11-2020:21:54:31,634 INFO     [newton_method.py:142] 迭代第17轮，当前函数调用次数193，当前X取值为[-1.06177456  1.10705788 -0.9951943   0.96956154]，下降方向为[ 0.05293081 -0.08364636  0.05491653 -0.07877427]，当前函数值为8.37267481
23-11-2020:21:54:31,789 INFO     [newton_method.py:142] 迭代第18轮，当前函数调用次数205，当前X取值为[-1.04109846  1.07438353 -0.97374253  0.93879035]，下降方向为[ 0.0343018  -0.05259583  0.03864483 -0.05520807]，当前函数值为8.08227187
23-11-2020:21:54:31,925 INFO     [newton_method.py:142] 迭代第19轮，当前函数调用次数217，当前X取值为[-1.02769932  1.05383828 -0.95864689  0.91722469]，下降方向为[ 0.01983343 -0.02871418  0.02816013 -0.04107677]，当前函数值为7.95892867
23-11-2020:21:54:32,153 INFO     [newton_method.py:142] 迭代第20轮，当前函数调用次数229，当前X取值为[-1.01995188  1.0426218  -0.94764684  0.90117908]，下降方向为[ 0.00757305 -0.00788596  0.02355906 -0.0364378 ]，当前函数值为7.90854599
23-11-2020:21:54:32,308 INFO     [newton_method.py:142] 迭代第21轮，当前函数调用次数241，当前X取值为[-1.01699366  1.03954135 -0.93844408  0.88694557]，下降方向为[-0.00642793  0.01772386  0.0270366  -0.04551689]，当前函数值为7.88850766
23-11-2020:21:54:32,421 INFO     [newton_method.py:142] 迭代第22轮，当前函数调用次数253，当前X取值为[-1.01950457  1.04646473 -0.92788291  0.86916553]，下降方向为[-0.03526913  0.07467146  0.0514927  -0.09206765]，当前函数值为7.88051293
23-11-2020:21:54:32,621 INFO     [newton_method.py:142] 迭代第23轮，当前函数调用次数265，当前X取值为[-1.03328157  1.07563327 -0.90776857  0.83320161]，下降方向为[-0.14025004  0.29130995  0.16858165 -0.30287953]，当前函数值为7.87669099
23-11-2020:21:54:32,815 INFO     [newton_method.py:142] 迭代第24轮，当前函数调用次数277，当前X取值为[-1.08806674  1.18942622 -0.84191636  0.71488929]，下降方向为[-0.04926546  0.11124222  0.07390371 -0.11830854]，当前函数值为7.87312999
23-11-2020:21:54:32,931 INFO     [newton_method.py:142] 迭代第25轮，当前函数调用次数289，当前X取值为[-1.10731106  1.23288021 -0.81304773  0.66867502]，下降方向为[-0.12091932  0.27037334  0.17310818 -0.27628894]，当前函数值为7.86643182
23-11-2020:21:54:33,172 INFO     [newton_method.py:142] 迭代第26轮，当前函数调用次数301，当前X取值为[-1.15454517  1.3384948  -0.74542735  0.56074965]，下降方向为[-0.08205297  0.19324121  0.13746365 -0.19710392]，当前函数值为7.85596403
23-11-2020:21:54:33,386 INFO     [newton_method.py:142] 迭代第27轮，当前函数调用次数313，当前X取值为[-1.18659711  1.41397965 -0.69173061  0.48375593]，下降方向为[-0.12106549  0.29046005  0.21881961 -0.2944982 ]，当前函数值为7.84032609
23-11-2020:21:54:33,499 INFO     [newton_method.py:142] 迭代第28轮，当前函数调用次数325，当前X取值为[-1.23388832  1.5274406  -0.6062542   0.36871757]，下降方向为[-0.07593763  0.19149156  0.16985707 -0.19363502]，当前函数值为7.81498902
23-11-2020:21:54:33,608 INFO     [newton_method.py:142] 迭代第29轮，当前函数调用次数337，当前X取值为[-1.26355145  1.60224199 -0.53990378  0.29307889]，下降方向为[-0.10192239  0.26079092  0.2554637  -0.26346875]，当前函数值为7.77938819
23-11-2020:21:54:33,716 INFO     [newton_method.py:142] 迭代第30轮，当前函数调用次数349，当前X取值为[-1.30336489  1.70411345 -0.44011327  0.19016141]，下降方向为[-0.06163589  0.16413419  0.2072977  -0.16503537]，当前函数值为7.72439182
23-11-2020:21:54:33,823 INFO     [newton_method.py:142] 迭代第31轮，当前函数调用次数361，当前X取值为[-1.3274414   1.76822836 -0.35913761  0.12569447]，下降方向为[-0.06771782  0.18236431  0.27967983 -0.18346192]，当前函数值为7.65128021
23-11-2020:21:54:33,950 INFO     [newton_method.py:142] 迭代第32轮，当前函数调用次数373，当前X取值为[-1.35389368  1.83946442 -0.24988767  0.05402966]，下降方向为[-0.03634601  0.10063541  0.2460816  -0.10054053]，当前函数值为7.545762
23-11-2020:21:54:34,61 INFO     [newton_method.py:142] 迭代第33轮，当前函数调用次数385，当前X取值为[-1.36809134  1.87877513 -0.15376205  0.01475601]，下降方向为[-0.02429051  0.06797945  0.29456876 -0.06768159]，当前函数值为7.41198678
23-11-2020:21:54:34,175 INFO     [newton_method.py:142] 迭代第34轮，当前函数调用次数397，当前X取值为[-1.37757981  1.90532961 -0.03869612 -0.01168211]，下降方向为[ 0.00198392 -0.00443616  0.2794407   0.00538372]，当前函数值为7.23379155
23-11-2020:21:54:34,287 INFO     [newton_method.py:142] 迭代第35轮，当前函数调用次数409，当前X取值为[-1.37680485  1.90359673  0.0704604  -0.00957909]，下降方向为[ 0.0255498  -0.06967197  0.30457572  0.07105621]，当前函数值为7.01703707
23-11-2020:21:54:34,395 INFO     [newton_method.py:142] 迭代第36轮，当前函数调用次数421，当前X取值为[-1.36682445  1.87638112  0.18943529  0.01817724]，下降方向为[ 0.05260966 -0.14320816  0.30141281  0.14514927]，当前函数值为6.75024608
23-11-2020:21:54:34,502 INFO     [newton_method.py:142] 迭代第37轮，当前函数调用次数433，当前X取值为[-1.34627381  1.82044043  0.30717467  0.07487617]，下降方向为[ 0.08216815 -0.22033265  0.31052791  0.22303125]，当前函数值为6.43982566
23-11-2020:21:54:34,609 INFO     [newton_method.py:142] 迭代第38轮，当前函数调用次数445，当前X取值为[-1.31417687  1.73437299  0.42847463  0.16199776]，下降方向为[ 0.1128436  -0.29490184  0.30916668  0.2987115 ]，当前函数值为6.08399143
23-11-2020:21:54:34,717 INFO     [newton_method.py:142] 迭代第39轮，当前函数调用次数457，当前X取值为[-1.27009734  1.61917696  0.54924287  0.27868193]，下降方向为[ 0.14534257 -0.36617359  0.30711192  0.37174352]，当前函数值为5.69173162
23-11-2020:21:54:34,826 INFO     [newton_method.py:142] 迭代第40轮，当前函数调用次数469，当前X取值为[-1.2133229   1.4761404   0.66920846  0.42389425]，下降方向为[ 0.17726754 -0.42518042  0.29821307  0.43347939]，当前函数值为5.27207035
23-11-2020:21:54:34,944 INFO     [newton_method.py:142] 迭代第41轮，当前函数调用次数481，当前X取值为[-1.14407777  1.3100543   0.78569794  0.59322213]，下降方向为[ 0.20633456 -0.46459168  0.28228434  0.47681856]，当前函数值为4.84033331
23-11-2020:21:54:35,58 INFO     [newton_method.py:142] 迭代第42轮，当前函数调用次数493，当前X取值为[-1.06347833  1.12857318  0.89596526  0.77947938]，下降方向为[ 0.22832885 -0.4751226   0.25739852  0.49215199]，当前函数值为4.41483092
23-11-2020:21:54:35,227 INFO     [newton_method.py:142] 迭代第43轮，当前函数调用次数505，当前X取值为[-0.97428737  0.94297841  0.99651156  0.97172626]，下降方向为[ 0.24014352 -0.45432293  0.22492466  0.4756333 ]，当前函数值为4.01544072
23-11-2020:21:54:35,465 INFO     [newton_method.py:142] 迭代第44轮，当前函数调用次数517，当前X取值为[-0.88048131  0.76550852  1.08437276  1.15752052]，下降方向为[ 0.24248745 -0.41065293  0.18943733  0.43379254]，当前函数值为3.65771024
23-11-2020:21:54:35,612 INFO     [newton_method.py:142] 迭代第45轮，当前函数调用次数529，当前X取值为[-0.78575965  0.60509722  1.15837171  1.32697073]，下降方向为[ 0.23969733 -0.3582885   0.15610852  0.38002779]，当前函数值为3.34731615
23-11-2020:21:54:35,730 INFO     [newton_method.py:142] 迭代第46轮，当前函数调用次数541，当前X取值为[-0.69212788  0.46514077  1.21935161  1.47541908]，下降方向为[ 0.23599933 -0.30700363  0.12748593  0.32507167]，当前函数值为3.07982594
23-11-2020:21:54:35,969 INFO     [newton_method.py:142] 迭代第47轮，当前函数调用次数553，当前X取值为[-0.59994064  0.34521748  1.2691508   1.6024002 ]，下降方向为[ 0.23351545 -0.25981761  0.10354561  0.27348568]，当前函数值为2.84564968
23-11-2020:21:54:36,153 INFO     [newton_method.py:142] 迭代第48轮，当前函数调用次数565，当前X取值为[-0.50872367  0.24372622  1.3095983   1.70923055]，下降方向为[ 0.23269908 -0.21603898  0.0831692   0.22568926]，当前函数值为2.6347659
23-11-2020:21:54:36,267 INFO     [newton_method.py:142] 迭代第49轮，当前函数调用次数577，当前X取值为[-0.41782559  0.159336    1.34208627  1.79739042]，下降方向为[ 0.23321338 -0.17397449  0.06512794  0.18049007]，当前函数值为2.43883636
23-11-2020:21:54:36,382 INFO     [newton_method.py:142] 迭代第50轮，当前函数调用次数589，当前X取值为[-0.32672662  0.09137721  1.36752687  1.86789435]，下降方向为[ 0.23447533 -0.13216301  0.04844992  0.13651761]，当前函数值为2.25155174
23-11-2020:21:54:36,616 INFO     [newton_method.py:142] 迭代第51轮，当前函数调用次数601，当前X取值为[-0.23513469  0.03975104  1.38645262  1.92122154]，下降方向为[ 0.2358971  -0.08973737  0.03248126  0.09279957]，当前函数值为2.06836394
23-11-2020:21:54:36,805 INFO     [newton_method.py:142] 迭代第52轮，当前函数调用次数613，当前X取值为[-0.14298739  0.00469738  1.39914061  1.95747137]，下降方向为[ 0.23696138 -0.04643284  0.01684167  0.04890402]，当前函数值为1.88617942
23-11-2020:21:54:36,927 INFO     [newton_method.py:142] 迭代第53轮，当前函数调用次数625，当前X取值为[-0.05042435 -0.01344045  1.40571939  1.9765745 ]，下降方向为[ 0.23722437 -0.00249835  0.00136381  0.00491509]，当前函数值为1.70317735
23-11-2020:21:54:37,158 INFO     [newton_method.py:142] 迭代第54轮，当前函数调用次数637，当前X取值为[ 0.04224142 -0.01441637  1.40625213  1.97849446]，下降方向为[ 0.23629762  0.04139289 -0.01395298 -0.038633  ]，当前函数值为1.5187429
23-11-2020:21:54:37,323 INFO     [newton_method.py:142] 迭代第55轮，当前函数调用次数649，当前X取值为[1.34545181e-01 1.75272759e-03 1.40080174e+00 1.96340344e+00]，下降方向为[ 0.23382999  0.08421307 -0.02897044 -0.080823  ]，当前函数值为1.33345423
23-11-2020:21:54:37,436 INFO     [newton_method.py:142] 迭代第56轮，当前函数调用次数661，当前X取值为[0.22588502 0.03464846 1.38948516 1.93183196]，下降方向为[ 0.22949712  0.12463776 -0.04342486 -0.12041936]，当前函数值为1.14905654
23-11-2020:21:54:37,622 INFO     [newton_method.py:142] 迭代第57轮，当前函数调用次数673，当前X取值为[0.31553233 0.08333508 1.37252232 1.88479314]，下降方向为[ 0.22300197  0.16110914 -0.05693335 -0.15594233]，当前函数值为0.96836467
23-11-2020:21:54:37,800 INFO     [newton_method.py:142] 迭代第58轮，当前函数调用次数685，当前X取值为[0.40264248 0.14626834 1.35028273 1.82387817]，下降方向为[ 0.21409049  0.19192614 -0.06900189 -0.18577013]，当前函数值为0.79504837
23-11-2020:21:54:37,913 INFO     [newton_method.py:142] 迭代第59轮，当前函数调用次数697，当前X取值为[0.48627158 0.22123949 1.32332887 1.75131171]，下降方向为[ 0.20258666  0.21538664 -0.07904756 -0.20829202]，当前函数值为0.6332726
23-11-2020:21:54:38,91 INFO     [newton_method.py:142] 迭代第60轮，当前函数调用次数709，当前X取值为[0.56540699 0.30537489 1.29245091 1.66994764]，下降方向为[ 0.18844809  0.23000273 -0.08644973 -0.22212909]，当前函数值为0.48719326
23-11-2020:21:54:38,351 INFO     [newton_method.py:142] 迭代第61轮，当前函数调用次数721，当前X取值为[0.63901953 0.39521971 1.25868149 1.58317847]，下降方向为[ 0.17183402  0.23478654 -0.09064139 -0.22641422]，当前函数值为0.36035285
23-11-2020:21:54:38,464 INFO     [newton_method.py:142] 迭代第62轮，当前函数调用次数733，当前X取值为[0.70614219 0.4869332  1.2232747  1.49473542]，下降方向为[ 0.15316086  0.22955253 -0.09123579 -0.22107186]，当前函数值为0.255078
23-11-2020:21:54:38,594 INFO     [newton_method.py:142] 迭代第63轮，当前函数调用次数745，当前X取值为[0.76597065 0.57660216 1.18763572 1.40837922]，下降方向为[ 0.13310814  0.21512064 -0.08815553 -0.20698442]，当前函数值为0.1720334
23-11-2020:21:54:38,819 INFO     [newton_method.py:142] 迭代第64轮，当前函数调用次数757，当前X取值为[0.81796602 0.66063366 1.15319996 1.32752593]，下降方向为[ 0.11254737  0.19329042 -0.08170917 -0.1859315 ]，当前函数值为0.11009216
23-11-2020:21:54:39,5 INFO     [newton_method.py:142] 迭代第65轮，当前函数调用次数769，当前X取值为[0.86192983 0.73613773 1.12128232 1.25489644]，下降方向为[ 0.09240713  0.1665448  -0.07257331 -0.1602853 ]，当前函数值为0.0666005
23-11-2020:21:54:39,116 INFO     [newton_method.py:142] 迭代第66轮，当前函数调用次数781，当前X取值为[0.89802637 0.80119429 1.09293337 1.19228499]，下降方向为[ 0.07353083  0.1375944  -0.06168603 -0.13258546]，当前函数值为0.0379622
23-11-2020:21:54:39,318 INFO     [newton_method.py:142] 迭代第67轮，当前函数调用次数793，当前X取值为[0.92674935 0.8549421  1.06883726 1.1404938 ]，下降方向为[ 0.05658421  0.10895058 -0.05009859 -0.10516776]，当前函数值为0.02033645
23-11-2020:21:54:39,521 INFO     [newton_method.py:142] 迭代第68轮，当前函数调用次数805，当前X取值为[0.94885256 0.89750093 1.0492675  1.09941264]，下降方向为[ 0.04202246  0.0826433  -0.03882673 -0.07993168]，当前函数值为0.01022695
23-11-2020:21:54:39,638 INFO     [newton_method.py:142] 迭代第69轮，当前函数调用次数817，当前X取值为[0.96526758 0.92978346 1.0341008  1.06818933]，下降方向为[ 0.03008258  0.06007045 -0.02871231 -0.05821137]，当前函数值为0.0048336
23-11-2020:21:54:39,827 INFO     [newton_method.py:142] 迭代第70轮，当前函数调用次数829，当前X取值为[0.97701859 0.95324848 1.02288506 1.04545051]，下降方向为[ 0.02077419  0.04192709 -0.02030431 -0.04069735]，当前函数值为0.00215633
23-11-2020:21:54:40,20 INFO     [newton_method.py:142] 迭代第71轮，当前函数调用次数841，当前X取值为[0.98513351 0.96962625 1.01495369 1.02955311]，下降方向为[ 0.01388423  0.02822458 -0.01379827 -0.02743285]，当前函数值为0.0009148
23-11-2020:21:54:40,150 INFO     [newton_method.py:142] 迭代第72轮，当前函数调用次数853，当前X取值为[0.99055704 0.98065148 1.00956374 1.01883715]，下降方向为[ 0.00902876  0.01844171 -0.00907459 -0.0179417 ]，当前函数值为0.00037263
23-11-2020:21:54:40,266 INFO     [newton_method.py:142] 迭代第73轮，当前函数调用次数865，当前X取值为[0.9940839  0.98785527 1.00601898 1.01182867]，下降方向为[ 0.00574854  0.01177774 -0.00582059 -0.01146606]，当前函数值为0.0001472
23-11-2020:21:54:40,446 INFO     [newton_method.py:142] 迭代第74轮，当前函数调用次数877，当前X取值为[0.99632942 0.99245595 1.00374531 1.00734974]，下降方向为[ 0.00360478  0.00739991 -0.00366728 -0.00720726]，当前函数值为5.69e-05
23-11-2020:21:54:40,642 INFO     [newton_method.py:142] 迭代第75轮，当前函数调用次数889，当前X取值为[0.99773754 0.99534654 1.00231278 1.00453441]，下降方向为[ 0.00223714  0.00459799 -0.00228272 -0.00447956]，当前函数值为2.168e-05
23-11-2020:21:54:40,775 INFO     [newton_method.py:142] 迭代第76轮，当前函数调用次数901，当前X取值为[0.99861142 0.99714263 1.00142109 1.00278458]，下降方向为[ 0.00137897  0.0028363  -0.00140967 -0.00276375]，当前函数值为8.18e-06
23-11-2020:21:54:40,884 INFO     [newton_method.py:142] 迭代第77轮，当前函数调用次数913，当前X取值为[0.99915008 0.99825056 1.00087044 1.00170499]，下降方向为[ 0.0008463   0.00174151 -0.00086614 -0.00169715]，当前函数值为3.07e-06
23-11-2020:21:54:41,49 INFO     [newton_method.py:142] 迭代第78轮，当前函数调用次数925，当前X取值为[0.99948066 0.99893084 1.0005321  1.00104204]，下降方向为[ 0.00051798  0.00106619 -0.00053049 -0.0010391 ]，当前函数值为1.15e-06
23-11-2020:21:54:41,274 INFO     [newton_method.py:142] 迭代第79轮，当前函数调用次数937，当前X取值为[0.999683   0.99934732 1.00032488 1.00063614]，下降方向为[ 0.00031649  0.00065157 -0.00032428 -0.00063505]，当前函数值为4.3e-07
23-11-2020:21:54:41,385 INFO     [newton_method.py:142] 迭代第80轮，当前函数调用次数949，当前X取值为[0.99980663 0.99960184 1.00019821 1.00038808]，下降方向为[ 0.00019318  0.00039775 -0.00019798 -0.00038767]，当前函数值为1.6e-07
23-11-2020:21:54:41,612 INFO     [newton_method.py:142] 迭代第81轮，当前函数调用次数961，当前X取值为[0.99988209 0.99975721 1.00012087 1.00023664]，下降方向为[ 0.00011784  0.00024264 -0.00012079 -0.00023649]，当前函数值为6e-08
23-11-2020:21:54:41,799 INFO     [newton_method.py:142] 迭代第82轮，当前函数调用次数973，当前X取值为[0.99992812 0.99985199 1.00007369 1.00014426]，下降方向为[ 7.18515518e-05  1.47953518e-04 -7.36572934e-05 -1.44208197e-04]，当前函数值为2e-08
23-11-2020:21:54:41,917 INFO     [newton_method.py:142] 迭代第83轮，当前函数调用次数985，当前X取值为[0.99995619 0.99990978 1.00004492 1.00008793]，下降方向为[ 4.38009285e-05  9.01950871e-05 -4.49043966e-05 -8.79123916e-05]，当前函数值为1e-08
23-11-2020:21:54:42,35 INFO     [newton_method.py:154] 因为函数值下降在1e-08以内，ILS的阻尼牛顿法，迭代结束，迭代轮次83，函数调用次数996，最终X=[0.99995619 0.99990978 1.00004492 1.00008793]，最终函数值=3.0318786283862393e-09
23-11-2020:21:54:42,35 INFO     [main.py:321] GLL线搜索下的阻尼牛顿法
23-11-2020:21:54:42,58 INFO     [newton_method.py:145] 迭代第1轮，当前函数调用次数1，当前X取值为[-3 -1 -3 -1]，下降方向为[0.30318037 7.1764779  0.33664071 6.86480406]，当前函数值为19192.0
23-11-2020:21:54:42,96 INFO     [newton_method.py:145] 迭代第2轮，当前函数调用次数4，当前X取值为[-2.69681963  6.1764779  -2.66335929  5.86480406]，下降方向为[ 0.80046603 -3.54111626  0.7835229  -3.30038025]，当前函数值为1291.43857031
23-11-2020:21:54:42,137 INFO     [newton_method.py:145] 迭代第3轮，当前函数调用次数7，当前X取值为[-1.8963536   2.63536165 -1.87983639  2.56442381]，下降方向为[ 0.37173586 -0.63077493  0.40482878 -0.75410324]，当前函数值为295.95133778
23-11-2020:21:54:42,177 INFO     [newton_method.py:145] 迭代第4轮，当前函数调用次数10，当前X取值为[-1.52461774  2.00458671 -1.4750076   1.81032057]，下降方向为[ 0.30943755 -0.68133229  0.29123019 -0.55771283]，当前函数值为67.68559478
23-11-2020:21:54:42,225 INFO     [newton_method.py:145] 迭代第5轮，当前函数调用次数13，当前X取值为[-1.21518019  1.32325442 -1.18377741  1.25260775]，下降方向为[ 0.14933716 -0.21988734  0.16512414 -0.25349054]，当前函数值为17.33661417
23-11-2020:21:54:42,304 INFO     [newton_method.py:145] 迭代第6轮，当前函数调用次数16，当前X取值为[-1.06584302  1.10336708 -1.01865327  0.9991172 ]，下降方向为[ 0.06562338 -0.09986141  0.06090227 -0.07716611]，当前函数值为8.6890767
23-11-2020:21:54:42,378 INFO     [newton_method.py:145] 迭代第7轮，当前函数调用次数19，当前X取值为[-1.00021964  1.00350567 -0.957751    0.92195109]，下降方向为[ 0.00365946 -0.00039503  0.01708601 -0.02605212]，当前函数值为7.89279775
23-11-2020:21:54:42,401 INFO     [newton_method.py:145] 迭代第8轮，当前函数调用次数22，当前X取值为[-0.99656018  1.00311064 -0.94066499  0.89589897]，下降方向为[-0.03232911  0.06431312  0.03447156 -0.0642379 ]，当前函数值为7.87651606
23-11-2020:21:54:42,424 INFO     [newton_method.py:145] 迭代第9轮，当前函数调用次数25，当前X取值为[-1.02888929  1.06742376 -0.90619343  0.83166107]，下降方向为[-0.17945209  0.36965707  0.20568384 -0.37045052]，当前函数值为7.87499935
23-11-2020:21:54:42,446 INFO     [newton_method.py:145] 迭代第10轮，当前函数调用次数28，当前X取值为[-1.20834138  1.43708083 -0.70050959  0.46121054]，下降方向为[0.01198974 0.00289266 0.02932788 0.00043272]，当前函数值为8.09845951
23-11-2020:21:54:42,467 INFO     [newton_method.py:145] 迭代第11轮，当前函数调用次数31，当前X取值为[-1.19635164  1.43997349 -0.67118171  0.46164327]，下降方向为[-0.18669126  0.44658     0.34155859 -0.45297008]，当前函数值为7.8281176
23-11-2020:21:54:42,488 INFO     [newton_method.py:145] 迭代第12轮，当前函数调用次数34，当前X取值为[-1.3830429   1.88655349 -0.32962312  0.00867319]，下降方向为[ 0.0414102  -0.08061057  0.03150439  0.09153228]，当前函数值为8.87774503
23-11-2020:21:54:42,530 INFO     [newton_method.py:145] 迭代第13轮，当前函数调用次数37，当前X取值为[-1.3416327   1.80594291 -0.29811873  0.10020547]，下降方向为[-0.13378083  0.36163546  0.67851075 -0.37854922]，当前函数值为7.56250349
23-11-2020:21:54:42,552 INFO     [newton_method.py:145] 迭代第14轮，当前函数调用次数40，当前X取值为[-1.47541352  2.16757837  0.38039202 -0.27834375]，下降方向为[ 0.14866259 -0.42245952  0.01799385  0.44795614]，当前函数值为23.34791205
23-11-2020:21:54:42,586 INFO     [newton_method.py:145] 迭代第15轮，当前函数调用次数43，当前X取值为[-1.32675094  1.74511885  0.39838587  0.16961239]，下降方向为[ 1.09516022 -2.89872395  3.9908143   3.10692869]，当前函数值为6.130284
23-11-2020:21:54:42,626 INFO     [newton_method.py:145] 迭代第16轮，当前函数调用次数49，当前X取值为[-1.18985591  1.38277836  0.89723766  0.55797848]，下降方向为[ 0.13631119 -0.28655132  0.02332674  0.29484742]，当前函数值为10.51125735
23-11-2020:21:54:42,666 INFO     [newton_method.py:145] 迭代第17轮，当前函数调用次数52，当前X取值为[-1.05354472  1.09622704  0.9205644   0.8528259 ]，下降方向为[ 0.40338327 -0.83366048  0.47757496  0.87349792]，当前函数值为4.27669798
23-11-2020:21:54:42,707 INFO     [newton_method.py:145] 迭代第18轮，当前函数调用次数55，当前X取值为[-0.65016144  0.26256656  1.39813935  1.72632382]，下降方向为[ 0.07365541  0.05834919 -0.06842252  0.02727063]，当前函数值为10.35949152
23-11-2020:21:54:42,747 INFO     [newton_method.py:145] 迭代第19轮，当前函数调用次数58，当前X取值为[-0.57650603  0.32091575  1.32971684  1.75359445]，下降方向为[ 0.27224344 -0.29654867  0.06211989  0.18207307]，当前函数值为2.88701383
23-11-2020:21:54:42,787 INFO     [newton_method.py:145] 迭代第20轮，当前函数调用次数61，当前X取值为[-0.30426259  0.02436707  1.39183672  1.93566752]，下降方向为[ 0.06799305  0.03190653 -0.00976343 -0.024122  ]，当前函数值为2.7013722
23-11-2020:21:54:42,827 INFO     [newton_method.py:145] 迭代第21轮，当前函数调用次数64，当前X取值为[-0.23626954  0.0562736   1.3820733   1.91154552]，下降方向为[ 0.97858397 -0.45555119  0.15971773  0.44207817]，当前函数值为2.02910335
23-11-2020:21:54:42,887 INFO     [newton_method.py:145] 迭代第22轮，当前函数调用次数68，当前X取值为[ 0.25302244 -0.17150199  1.46193216  2.1325846 ]，下降方向为[ 0.02044834  0.25054715 -0.08416793 -0.24026737]，当前函数值为6.8664168
23-11-2020:21:54:42,927 INFO     [newton_method.py:145] 迭代第23轮，当前函数调用次数71，当前X取值为[0.27347078 0.07904516 1.37776423 1.89231724]，下降方向为[ 2.92312305  1.5891567  -0.552597   -1.51985792]，当前函数值为1.01251204
23-11-2020:21:54:42,951 INFO     [newton_method.py:145] 迭代第24轮，当前函数调用次数77，当前X取值为[0.63886116 0.27768975 1.3086896  1.702335  ]，下降方向为[ 0.02584174  0.16612503 -0.06592531 -0.16170804]，当前函数值为2.14409246
23-11-2020:21:54:42,974 INFO     [newton_method.py:145] 迭代第25轮，当前函数调用次数80，当前X取值为[0.66470289 0.44381478 1.24276429 1.54062696]，下降方向为[ 0.42994905  0.56902005 -0.22175973 -0.54794463]，当前函数值为0.29579733
23-11-2020:21:54:42,996 INFO     [newton_method.py:145] 迭代第26轮，当前函数调用次数83，当前X取值为[1.09465194 1.01283482 1.02100457 0.99268232]，下降方向为[-0.02446788  0.12803628 -0.070439   -0.09777155]，当前函数值为3.67101834
23-11-2020:21:54:43,18 INFO     [newton_method.py:145] 迭代第27轮，当前函数调用次数86，当前X取值为[1.07018406 1.1408711  0.95056557 0.89491077]，下降方向为[-0.04660673 -0.0954152   0.02670685  0.05954794]，当前函数值为0.03493482
23-11-2020:21:54:43,40 INFO     [newton_method.py:145] 迭代第28轮，当前函数调用次数89，当前X取值为[1.02357733 1.0454559  0.97727242 0.95445872]，下降方向为[-0.02023696 -0.03920181  0.01987551  0.03944628]，当前函数值为0.00244159
23-11-2020:21:54:43,62 INFO     [newton_method.py:145] 迭代第29轮，当前函数调用次数92，当前X取值为[1.00334037 1.0062541  0.99714793 0.993905  ]，下降方向为[-0.0032028  -0.00598992  0.00272442  0.00583267]，当前函数值为6.829e-05
23-11-2020:21:54:43,84 INFO     [newton_method.py:145] 迭代第30轮，当前函数调用次数95，当前X取值为[1.00013757 1.00026418 0.99987235 0.99973767]，下降方向为[-0.00013743 -0.00026392  0.00012753  0.00026207]，当前函数值为8e-08
23-11-2020:21:54:43,106 INFO     [newton_method.py:145] 迭代第31轮，当前函数调用次数98，当前X取值为[1.00000014 1.00000026 0.99999988 0.99999975]，下降方向为[-1.38753826e-07 -2.57807928e-07  1.19384252e-07  2.54797247e-07]，当前函数值为0.0
23-11-2020:21:54:43,108 INFO     [newton_method.py:154] 因为函数值下降在1e-08以内，GLL的阻尼牛顿法，迭代结束，迭代轮次31，函数调用次数100，最终X=[1.00000014 1.00000026 0.99999988 0.99999975]，最终函数值=2.7715269585069072e-25
23-11-2020:21:54:43,108 INFO     [main.py:330] 精确线搜索下的GM稳定牛顿法
23-11-2020:21:54:43,127 INFO     [newton_method.py:257] 迭代第1轮，当前函数调用次数1，当前X取值为[-3 -1 -3 -1]，下降方向为[0.30318037 7.1764779  0.33664071 6.86480406]，当前函数值为19192.0
23-11-2020:21:54:43,167 INFO     [newton_method.py:257] 迭代第2轮，当前函数调用次数71，当前X取值为[-2.68734703  6.40070045 -2.65284126  6.07928865]，下降方向为[ 0.87581752 -4.14849738  0.82420401 -3.7064878 ]，当前函数值为1275.32458813
23-11-2020:21:54:43,208 INFO     [newton_method.py:257] 迭代第3轮，当前函数调用次数144，当前X取值为[-1.76977997  2.05444741 -1.78934808  2.19611544]，下降方向为[ 0.290651   -0.12108523  0.34886918 -0.43134028]，当前函数值为273.26262757
23-11-2020:21:54:43,248 INFO     [newton_method.py:257] 迭代第4轮，当前函数调用次数215，当前X取值为[-1.30838113  1.86222863 -1.23552981  1.51137703]，下降方向为[ 1.98054573 -5.10411509 -0.59456798  1.50438923]，当前函数值为31.48816403
23-11-2020:21:54:43,288 INFO     [newton_method.py:257] 迭代第5轮，当前函数调用次数284，当前X取值为[-0.79987929  0.5517555  -1.38818416  1.89762648]，下降方向为[ 0.0474692   0.01784088  0.19823905 -0.51639418]，当前函数值为11.99681675
23-11-2020:21:54:43,368 INFO     [newton_method.py:257] 迭代第6轮，当前函数调用次数356，当前X取值为[-0.75059434  0.57027882 -1.18236226  1.36147968]，下降方向为[ 0.09279841 -0.1343002  -0.01959457  0.09378782]，当前函数值为8.0611054
23-11-2020:21:54:43,409 INFO     [newton_method.py:257] 迭代第7轮，当前函数调用次数426，当前X取值为[-0.6566152   0.43426984 -1.20220614  1.45646081]，下降方向为[ 0.24633727 -0.31471204 -0.13436013  0.32144614]，当前函数值为7.83016007
23-11-2020:21:54:43,435 INFO     [newton_method.py:257] 迭代第8轮，当前函数调用次数491，当前X取值为[-0.55394866  0.30310659 -1.25820372  1.59043065]，下降方向为[ 0.12856493 -0.12668946 -0.05010549  0.12863118]，当前函数值为7.79957952
23-11-2020:21:54:43,460 INFO     [newton_method.py:257] 迭代第9轮，当前函数调用次数560，当前X取值为[-0.39245367  0.14396744 -1.32114301  1.75200886]，下降方向为[ 0.14108933 -0.08836068 -0.0317084   0.08692851]，当前函数值为7.70743482
23-11-2020:21:54:43,488 INFO     [newton_method.py:257] 迭代第10轮，当前函数调用次数629，当前X取值为[-0.19482325  0.02019649 -1.36555846  1.87377369]，下降方向为[ 0.15577708 -0.03047226 -0.01113808  0.03099121]，当前函数值为7.51833642
23-11-2020:21:54:43,511 INFO     [newton_method.py:257] 迭代第11轮，当前函数调用次数701，当前X取值为[ 0.03724147 -0.02519874 -1.38215111  1.91994201]，下降方向为[ 0.16696752  0.05137339  0.01853448 -0.05120593]，当前函数值为7.16966965
23-11-2020:21:54:43,533 INFO     [newton_method.py:257] 迭代第12轮，当前函数调用次数768，当前X取值为[ 0.30431719  0.05697643 -1.35250397  1.83803471]，下降方向为[ 0.17376283  0.15316119  0.05624378 -0.15111086]，当前函数值为6.57957918
23-11-2020:21:54:43,554 INFO     [newton_method.py:257] 迭代第13轮，当前函数调用次数839，当前X取值为[ 0.60097613  0.31846294 -1.25648101  1.58004866]，下降方向为[ 0.16999262  0.25720769  0.10276842 -0.24992792]，当前函数值为5.69564747
23-11-2020:21:54:43,576 INFO     [newton_method.py:257] 迭代第14轮，当前函数调用次数910，当前X取值为[ 0.90556658  0.77932417 -1.07234195  1.13223122]，下降方向为[ 0.13851608  0.29807071  0.14078729 -0.27657324]，当前函数值为4.58821545
23-11-2020:21:54:43,598 INFO     [newton_method.py:257] 迭代第15轮，当前函数调用次数979，当前X取值为[ 1.15936996  1.3254799  -0.81437705  0.62546537]，下降方向为[ 0.07756117  0.20077304  0.1399598  -0.18527971]，当前函数值为3.5534626
23-11-2020:21:54:43,619 INFO     [newton_method.py:257] 迭代第16轮，当前函数调用次数1050，当前X取值为[ 1.32435827  1.75256483 -0.51665419  0.23133789]，下降方向为[ 0.03172175  0.08675885  0.13785666 -0.10152594]，当前函数值为2.75365935
23-11-2020:21:54:43,640 INFO     [newton_method.py:257] 迭代第17轮，当前函数调用次数1120，当前X取值为[ 1.3905764   1.93367112 -0.2288829   0.01940578]，下降方向为[ 0.01326622  0.03837936  0.1414607  -0.02576406]，当前函数值为2.14906291
23-11-2020:21:54:43,661 INFO     [newton_method.py:257] 迭代第18轮，当前函数调用次数1182，当前X取值为[ 1.4165746   2.00888429  0.04834179 -0.0310848 ]，下降方向为[-0.02245021 -0.06437947  0.14290658  0.0530951 ]，当前函数值为1.60127917
23-11-2020:21:54:43,791 INFO     [newton_method.py:257] 迭代第19轮，当前函数调用次数1250，当前X取值为[1.37316254 1.88439343 0.32468084 0.07158541]，下降方向为[-0.04081613 -0.10973741  0.13489895  0.12624009]，当前函数值为1.04646768
23-11-2020:21:54:43,897 INFO     [newton_method.py:257] 迭代第20轮，当前函数调用次数1322，当前X取值为[1.29006715 1.66098486 0.59931446 0.32859091]，下降方向为[-0.06847986 -0.17271458  0.11080028  0.16636299]，当前函数值为0.50858352
23-11-2020:21:54:43,976 INFO     [newton_method.py:257] 迭代第21轮，当前函数调用次数1395，当前X取值为[1.14601011 1.29765538 0.83239847 0.67855893]，下降方向为[-0.0526215  -0.10523845  0.0681512   0.12829556]，当前函数值为0.13646995
23-11-2020:21:54:44,3 INFO     [newton_method.py:257] 迭代第22轮，当前函数调用次数1468，当前X取值为[1.04105201 1.08774824 0.9683319  0.93445544]，下降方向为[-0.04403822 -0.09549799  0.03539804  0.07190413]，当前函数值为0.01246345
23-11-2020:21:54:44,26 INFO     [newton_method.py:257] 迭代第23轮，当前函数调用次数1530，当前X取值为[1.00219087 1.00347688 0.99956859 0.9979066 ]，下降方向为[-0.0020637  -0.00322803  0.00031091  0.00185203]，当前函数值为0.00024631
23-11-2020:21:54:44,50 INFO     [newton_method.py:257] 迭代第24轮，当前函数调用次数1600，当前X取值为[1.00011707 1.00023307 0.99988102 0.99976769]，下降方向为[-0.00011709 -0.00023312  0.00011902  0.00023237]，当前函数值为5e-08
23-11-2020:21:54:44,73 INFO     [newton_method.py:257] 迭代第25轮，当前函数调用次数1670，当前X取值为[1.00000002 1.00000002 1.         0.99999998]，下降方向为[-1.95850854e-08 -2.48912091e-08  4.29278723e-09  2.13857313e-08]，当前函数值为0.0
23-11-2020:21:54:44,75 INFO     [newton_method.py:274] 因为函数值下降在1e-08以内，ELS的GM稳定牛顿法，迭代结束，迭代轮次25，函数调用次数1738，最终X=[1.00000002 1.00000002 1.         0.99999998]，最终函数值=4.6155462703576134e-27
23-11-2020:21:54:44,75 INFO     [main.py:338] 非精确线搜索下的GM稳定牛顿法
23-11-2020:21:54:44,88 INFO     [newton_method.py:262] 迭代第1轮，当前函数调用次数1，当前X取值为[-3 -1 -3 -1]，下降方向为[0.30318037 7.1764779  0.33664071 6.86480406]，当前函数值为19192.0
23-11-2020:21:54:44,229 INFO     [newton_method.py:262] 迭代第2轮，当前函数调用次数15，当前X取值为[-2.6447105   7.40993504 -2.60549917  7.04469226]，下降方向为[  5.77425791 -30.05490565  -1.79965172   8.95657256]，当前函数值为1600.63474508
23-11-2020:21:54:44,530 INFO     [newton_method.py:262] 迭代第3轮，当前函数调用次数28，当前X取值为[-1.29136881  0.36581653 -3.02729254  9.14388896]，下降方向为[ 0.01560741  1.25458478  1.44063571 -8.7069019 ]，当前函数值为762.64262497
23-11-2020:21:54:44,735 INFO     [newton_method.py:262] 迭代第4轮，当前函数调用次数43，当前X取值为[-1.27917552  1.34596089 -1.90179589  2.34162184]，下降方向为[ 0.48617373 -1.05681035  0.19126305  0.42739017]，当前函数值为196.97612631
23-11-2020:21:54:45,56 INFO     [newton_method.py:262] 迭代第5轮，当前函数调用次数57，当前X取值为[-0.70944067  0.10751126 -1.6776595   2.8424697 ]，下降方向为[-0.00513306  0.41802571  0.44594692 -1.50940842]，当前函数值为35.60023823
23-11-2020:21:54:45,218 INFO     [newton_method.py:262] 迭代第6轮，当前函数调用次数71，当前X取值为[-0.71545598  0.59738514 -1.15506545  1.0736317 ]，下降方向为[-2.80030539  3.61836205  0.22177847 -0.29252008]，当前函数值为15.53274538
23-11-2020:21:54:45,321 INFO     [newton_method.py:262] 迭代第7轮，当前函数调用次数82，当前X取值为[-0.93422983  0.88006967 -1.13773901  1.05077857]，下降方向为[ 0.1539058  -0.28412276  0.00041678  0.25307035]，当前函数值为13.7110341
23-11-2020:21:54:45,561 INFO     [newton_method.py:262] 迭代第8轮，当前函数调用次数96，当前X取值为[-0.75387147  0.54711332 -1.1372506   1.34734539]，下降方向为[ 0.10406175 -0.12767483 -0.0929946   0.16398858]，当前函数值为8.12681655
23-11-2020:21:54:45,810 INFO     [newton_method.py:262] 迭代第9轮，当前函数调用次数110，当前X取值为[-0.63192411  0.39749437 -1.24622864  1.53951951]，下降方向为[ 0.09619253 -0.10786694 -0.01662972  0.06528378]，当前函数值为7.89571435
23-11-2020:21:54:45,933 INFO     [newton_method.py:262] 迭代第10轮，当前函数调用次数123，当前X取值为[-0.44404808  0.18681675 -1.27870856  1.6670269 ]，下降方向为[ 0.15048004 -0.11222465 -0.07389225  0.16541802]，当前函数值为7.81300839
23-11-2020:21:54:46,338 INFO     [newton_method.py:262] 迭代第11轮，当前函数调用次数137，当前X取值为[-0.26770428  0.05530348 -1.36530104  1.86087615]，下降方向为[ 0.14080826 -0.04658666 -0.00437299  0.02476428]，当前函数值为7.62566758
23-11-2020:21:54:46,468 INFO     [newton_method.py:262] 迭代第12轮，当前函数调用次数150，当前X取值为[ 0.00731186 -0.03568608 -1.37384203  1.90924388]，下降方向为[ 0.12406569  0.04999099  0.00623605 -0.02926353]，当前函数值为7.32921801
23-11-2020:21:54:46,708 INFO     [newton_method.py:262] 迭代第13轮，当前函数调用次数163，当前X取值为[ 0.24962767  0.06195258 -1.36166225  1.85208854]，下降方向为[ 1.11585994  0.56639656  0.21065801 -0.56319344]，当前函数值为6.53524113
23-11-2020:21:54:46,939 INFO     [newton_method.py:262] 迭代第14轮，当前函数调用次数176，当前X取值为[ 0.51115735  0.19470178 -1.31228928  1.72009007]，下降方向为[ 0.11028965  0.18999351  0.08054503 -0.20005918]，当前函数值为6.33458922
23-11-2020:21:54:47,71 INFO     [newton_method.py:262] 迭代第15轮，当前函数调用次数189，当前X取值为[ 0.72656683  0.56578285 -1.15497477  1.32934948]，下降方向为[ 0.72283549  0.97789677  0.23699671 -0.53455495]，当前函数值为5.03239228
23-11-2020:21:54:47,295 INFO     [newton_method.py:262] 迭代第16轮，当前函数调用次数201，当前X取值为[ 1.00892444  0.94777378 -1.06239793  1.12053896]，下降方向为[ 0.08717729  0.25260341  0.19176733 -0.39100519]，当前函数值为4.80136342
23-11-2020:21:54:47,533 INFO     [newton_method.py:262] 迭代第17轮，当前函数调用次数215，当前X取值为[ 1.11108533  1.2437934  -0.8376706   0.66232976]，下降方向为[ 0.15887279  0.34364716  0.1804847  -0.26050148]，当前函数值为3.65937375
23-11-2020:21:54:47,700 INFO     [newton_method.py:262] 迭代第18轮，当前函数调用次数229，当前X取值为[ 1.29726437  1.64650491 -0.62616509  0.35705459]，下降方向为[ 0.02224699  0.09596595  0.13872728 -0.13326766]，当前函数值为3.14202407
23-11-2020:21:54:47,915 INFO     [newton_method.py:262] 迭代第19轮，当前函数调用次数242，当前X取值为[ 1.34071553  1.8339384  -0.35521337  0.09676618]，下降方向为[ 0.06698491  0.14289598  0.17421811 -0.09031264]，当前函数值为2.51297643
23-11-2020:21:54:48,86 INFO     [newton_method.py:262] 迭代第20轮，当前函数调用次数256，当前X取值为[ 1.41921347  2.00139463 -0.15105152 -0.00906894]，下降方向为[-0.01167415 -0.01903325  0.14691665 -0.00657985]，当前函数值为2.0132596
23-11-2020:21:54:48,226 INFO     [newton_method.py:262] 迭代第21轮，当前函数调用次数269，当前X取值为[ 1.39641239  1.96422032  0.13589507 -0.02192021]，下降方向为[-0.01523327 -0.05527627  0.12165686  0.07925676]，当前函数值为1.49870725
23-11-2020:21:54:48,481 INFO     [newton_method.py:262] 迭代第22轮，当前函数调用次数282，当前X取值为[1.36665991 1.85625886 0.37350612 0.13287814]，下降方向为[-0.10796988 -0.2835779   0.36578593  0.28248912]，当前函数值为0.84229883
23-11-2020:21:54:48,607 INFO     [newton_method.py:262] 迭代第23轮，当前函数调用次数294，当前X取值为[1.32448418 1.74548624 0.51639125 0.24322546]，下降方向为[-0.07266326 -0.18324119  0.14711623  0.17842972]，当前函数值为0.62324105
23-11-2020:21:54:48,760 INFO     [newton_method.py:262] 迭代第24轮，当前函数调用次数307，当前X取值为[1.18256375 1.3875933  0.80372764 0.59172101]，下降方向为[-0.04787094 -0.10222743  0.03742097  0.11583781]，当前函数值为0.41621981
23-11-2020:21:54:49,19 INFO     [newton_method.py:262] 迭代第25轮，当前函数调用次数320，当前X取值为[1.08906582 1.18793036 0.87681548 0.81796673]，下降方向为[-0.07121992 -0.1567884   0.11628848  0.14820198]，当前函数值为0.25500582
23-11-2020:21:54:49,206 INFO     [newton_method.py:262] 迭代第26轮，当前函数调用次数334，当前X取值为[1.00560498 1.00419395 1.01309105 0.99164093]，下降方向为[-0.01152059 -0.01623306 -0.00630723  0.02175403]，当前函数值为0.11380512
23-11-2020:21:54:49,395 INFO     [newton_method.py:262] 迭代第27轮，当前函数调用次数348，当前X取值为[0.99210429 0.98517084 1.00569976 1.01713393]，下降方向为[ 0.01092187  0.0207767  -0.00874338 -0.0232556 ]，当前函数值为0.00325718
23-11-2020:21:54:49,675 INFO     [newton_method.py:262] 迭代第28轮，当前函数调用次数362，当前X取值为[1.00490336 1.00951853 0.99545361 0.98988128]，下降方向为[-0.0045943  -0.00892131  0.00424877  0.00950833]，当前函数值为0.00019521
23-11-2020:21:54:49,820 INFO     [newton_method.py:262] 迭代第29轮，当前函数调用次数376，当前X取值为[0.99951942 0.99906387 1.00043264 1.00102385]，下降方向为[ 0.00048475  0.00094423 -0.00043674 -0.0010322 ]，当前函数值为3.2e-06
23-11-2020:21:54:50,106 INFO     [newton_method.py:262] 迭代第30轮，当前函数调用次数390，当前X取值为[1.00008748 1.00017039 0.99992083 0.99981424]，下降方向为[-8.73483072e-05 -1.70135623e-04  7.90403893e-05  1.85499670e-04]，当前函数值为1e-07
23-11-2020:21:54:50,299 INFO     [newton_method.py:262] 迭代第31轮，当前函数调用次数404，当前X取值为[0.99998512 0.99997101 1.00001346 1.00003162]，下降方向为[ 1.48848481e-05  2.89929314e-05 -1.34590414e-05 -3.16260432e-05]，当前函数值为0.0
23-11-2020:21:54:50,578 INFO     [newton_method.py:274] 因为函数值下降在1e-08以内，ILS的GM稳定牛顿法，迭代结束，迭代轮次31，函数调用次数417，最终X=[0.99998512 0.99997101 1.00001346 1.00003162]，最终函数值=8.560968817380145e-11
23-11-2020:21:54:50,578 INFO     [main.py:346] GLL线搜索下的GM牛顿法
23-11-2020:21:54:50,622 INFO     [newton_method.py:265] 迭代第1轮，当前函数调用次数1，当前X取值为[-3 -1 -3 -1]，下降方向为[0.30318037 7.1764779  0.33664071 6.86480406]，当前函数值为19192.0
23-11-2020:21:54:50,700 INFO     [newton_method.py:265] 迭代第2轮，当前函数调用次数4，当前X取值为[-2.69681963  6.1764779  -2.66335929  5.86480406]，下降方向为[ 0.80046603 -3.54111626  0.7835229  -3.30038025]，当前函数值为1291.43857031
23-11-2020:21:54:50,763 INFO     [newton_method.py:265] 迭代第3轮，当前函数调用次数7，当前X取值为[-1.8963536   2.63536165 -1.87983639  2.56442381]，下降方向为[ 0.37173586 -0.63077493  0.40482878 -0.75410324]，当前函数值为295.95133778
23-11-2020:21:54:50,789 INFO     [newton_method.py:265] 迭代第4轮，当前函数调用次数10，当前X取值为[-1.52461774  2.00458671 -1.4750076   1.81032057]，下降方向为[ 0.30943755 -0.68133229  0.29123019 -0.55771283]，当前函数值为67.68559478
23-11-2020:21:54:50,829 INFO     [newton_method.py:265] 迭代第5轮，当前函数调用次数13，当前X取值为[-1.21518019  1.32325442 -1.18377741  1.25260775]，下降方向为[ 0.14933716 -0.21988734  0.16512414 -0.25349054]，当前函数值为17.33661417
23-11-2020:21:54:50,851 INFO     [newton_method.py:265] 迭代第6轮，当前函数调用次数16，当前X取值为[-1.06584302  1.10336708 -1.01865327  0.9991172 ]，下降方向为[ 0.06562338 -0.09986141  0.06090227 -0.07716611]，当前函数值为8.6890767
23-11-2020:21:54:50,872 INFO     [newton_method.py:265] 迭代第7轮，当前函数调用次数19，当前X取值为[-1.00021964  1.00350567 -0.957751    0.92195109]，下降方向为[ 0.00365946 -0.00039503  0.01708601 -0.02605212]，当前函数值为7.89279775
23-11-2020:21:54:50,894 INFO     [newton_method.py:265] 迭代第8轮，当前函数调用次数22，当前X取值为[-0.99656018  1.00311064 -0.94066499  0.89589897]，下降方向为[-0.03232911  0.06431312  0.03447156 -0.0642379 ]，当前函数值为7.87651606
23-11-2020:21:54:50,916 INFO     [newton_method.py:265] 迭代第9轮，当前函数调用次数25，当前X取值为[-1.02888929  1.06742376 -0.90619343  0.83166107]，下降方向为[-0.17945209  0.36965707  0.20568384 -0.37045052]，当前函数值为7.87499935
23-11-2020:21:54:50,938 INFO     [newton_method.py:265] 迭代第10轮，当前函数调用次数28，当前X取值为[-1.20834138  1.43708083 -0.70050959  0.46121054]，下降方向为[0.01198974 0.00289266 0.02932788 0.00043272]，当前函数值为8.09845951
23-11-2020:21:54:50,973 INFO     [newton_method.py:265] 迭代第11轮，当前函数调用次数31，当前X取值为[-1.19635164  1.43997349 -0.67118171  0.46164327]，下降方向为[-0.18669126  0.44658     0.34155859 -0.45297008]，当前函数值为7.8281176
23-11-2020:21:54:51,53 INFO     [newton_method.py:265] 迭代第12轮，当前函数调用次数34，当前X取值为[-1.3830429   1.88655349 -0.32962312  0.00867319]，下降方向为[ 0.0414102  -0.08061057  0.03150439  0.09153228]，当前函数值为8.87774503
23-11-2020:21:54:51,160 INFO     [newton_method.py:265] 迭代第13轮，当前函数调用次数37，当前X取值为[-1.3416327   1.80594291 -0.29811873  0.10020547]，下降方向为[-0.13378083  0.36163546  0.67851075 -0.37854922]，当前函数值为7.56250349
23-11-2020:21:54:51,240 INFO     [newton_method.py:265] 迭代第14轮，当前函数调用次数40，当前X取值为[-1.47541352  2.16757837  0.38039202 -0.27834375]，下降方向为[ 0.14866259 -0.42245952  0.01799385  0.44795614]，当前函数值为23.34791205
23-11-2020:21:54:51,288 INFO     [newton_method.py:265] 迭代第15轮，当前函数调用次数43，当前X取值为[-1.32675094  1.74511885  0.39838587  0.16961239]，下降方向为[ 1.09516022 -2.89872395  3.9908143   3.10692869]，当前函数值为6.130284
23-11-2020:21:54:51,322 INFO     [newton_method.py:265] 迭代第16轮，当前函数调用次数49，当前X取值为[-1.18985591  1.38277836  0.89723766  0.55797848]，下降方向为[ 0.13631119 -0.28655132  0.02332674  0.29484742]，当前函数值为10.51125735
23-11-2020:21:54:51,346 INFO     [newton_method.py:265] 迭代第17轮，当前函数调用次数52，当前X取值为[-1.05354472  1.09622704  0.9205644   0.8528259 ]，下降方向为[ 0.40338327 -0.83366048  0.47757496  0.87349792]，当前函数值为4.27669798
23-11-2020:21:54:51,369 INFO     [newton_method.py:265] 迭代第18轮，当前函数调用次数55，当前X取值为[-0.65016144  0.26256656  1.39813935  1.72632382]，下降方向为[ 0.07365541  0.05834919 -0.06842252  0.02727063]，当前函数值为10.35949152
23-11-2020:21:54:51,392 INFO     [newton_method.py:265] 迭代第19轮，当前函数调用次数58，当前X取值为[-0.57650603  0.32091575  1.32971684  1.75359445]，下降方向为[ 0.27224344 -0.29654867  0.06211989  0.18207307]，当前函数值为2.88701383
23-11-2020:21:54:51,416 INFO     [newton_method.py:265] 迭代第20轮，当前函数调用次数61，当前X取值为[-0.30426259  0.02436707  1.39183672  1.93566752]，下降方向为[ 0.06799305  0.03190653 -0.00976343 -0.024122  ]，当前函数值为2.7013722
23-11-2020:21:54:51,437 INFO     [newton_method.py:265] 迭代第21轮，当前函数调用次数64，当前X取值为[-0.23626954  0.0562736   1.3820733   1.91154552]，下降方向为[ 0.97858397 -0.45555119  0.15971773  0.44207817]，当前函数值为2.02910335
23-11-2020:21:54:51,512 INFO     [newton_method.py:265] 迭代第22轮，当前函数调用次数68，当前X取值为[ 0.25302244 -0.17150199  1.46193216  2.1325846 ]，下降方向为[ 0.02044834  0.25054715 -0.08416793 -0.24026737]，当前函数值为6.8664168
23-11-2020:21:54:51,594 INFO     [newton_method.py:265] 迭代第23轮，当前函数调用次数71，当前X取值为[0.27347078 0.07904516 1.37776423 1.89231724]，下降方向为[ 2.92312305  1.5891567  -0.552597   -1.51985792]，当前函数值为1.01251204
23-11-2020:21:54:51,691 INFO     [newton_method.py:265] 迭代第24轮，当前函数调用次数77，当前X取值为[0.63886116 0.27768975 1.3086896  1.702335  ]，下降方向为[ 0.02584174  0.16612503 -0.06592531 -0.16170804]，当前函数值为2.14409246
23-11-2020:21:54:51,748 INFO     [newton_method.py:265] 迭代第25轮，当前函数调用次数80，当前X取值为[0.66470289 0.44381478 1.24276429 1.54062696]，下降方向为[ 0.42994905  0.56902005 -0.22175973 -0.54794463]，当前函数值为0.29579733
23-11-2020:21:54:51,781 INFO     [newton_method.py:265] 迭代第26轮，当前函数调用次数83，当前X取值为[1.09465194 1.01283482 1.02100457 0.99268232]，下降方向为[-0.02446788  0.12803628 -0.070439   -0.09777155]，当前函数值为3.67101834
23-11-2020:21:54:51,802 INFO     [newton_method.py:265] 迭代第27轮，当前函数调用次数86，当前X取值为[1.07018406 1.1408711  0.95056557 0.89491077]，下降方向为[-0.04660673 -0.0954152   0.02670685  0.05954794]，当前函数值为0.03493482
23-11-2020:21:54:51,824 INFO     [newton_method.py:265] 迭代第28轮，当前函数调用次数89，当前X取值为[1.02357733 1.0454559  0.97727242 0.95445872]，下降方向为[-0.02023696 -0.03920181  0.01987551  0.03944628]，当前函数值为0.00244159
23-11-2020:21:54:51,845 INFO     [newton_method.py:265] 迭代第29轮，当前函数调用次数92，当前X取值为[1.00334037 1.0062541  0.99714793 0.993905  ]，下降方向为[-0.0032028  -0.00598992  0.00272442  0.00583267]，当前函数值为6.829e-05
23-11-2020:21:54:51,867 INFO     [newton_method.py:265] 迭代第30轮，当前函数调用次数95，当前X取值为[1.00013757 1.00026418 0.99987235 0.99973767]，下降方向为[-0.00013743 -0.00026392  0.00012753  0.00026207]，当前函数值为8e-08
23-11-2020:21:54:51,889 INFO     [newton_method.py:265] 迭代第31轮，当前函数调用次数98，当前X取值为[1.00000014 1.00000026 0.99999988 0.99999975]，下降方向为[-1.38753826e-07 -2.57807928e-07  1.19384252e-07  2.54797247e-07]，当前函数值为0.0
23-11-2020:21:54:51,891 INFO     [newton_method.py:274] 因为函数值下降在1e-08以内，GLL的GM稳定牛顿法，迭代结束，迭代轮次31，函数调用次数100，最终X=[1.00000014 1.00000026 0.99999988 0.99999975]，最终函数值=2.7715269585069072e-25
23-11-2020:21:54:51,891 INFO     [main.py:355] 精确线搜索下的FF方法
23-11-2020:21:54:51,897 INFO     [fletcher_freeman.py:111] 特征值全为正
23-11-2020:21:54:51,904 INFO     [fletcher_freeman.py:120] 迭代第0轮，当前函数调用次数1，当前X取值为[-3 -1 -3 -1]，下降方向为[0.30318037 7.1764779  0.33664071 6.86480406]，当前函数值为19192.0
23-11-2020:21:54:51,915 INFO     [fletcher_freeman.py:111] 特征值全为正
23-11-2020:21:54:51,925 INFO     [fletcher_freeman.py:120] 迭代第1轮，当前函数调用次数46，当前X取值为[-2.68734705  6.40069995 -2.65284128  6.07928816]，下降方向为[ 0.87581732 -4.14849589  0.82420392 -3.70648691]，当前函数值为1275.32458813
23-11-2020:21:54:51,936 INFO     [fletcher_freeman.py:111] 特征值全为正
23-11-2020:21:54:51,946 INFO     [fletcher_freeman.py:120] 迭代第2轮，当前函数调用次数100，当前X取值为[-1.76977884  2.05444205 -1.78934692  2.19611015]，下降方向为[ 0.29065029 -0.12108057  0.34886836 -0.4313353 ]，当前函数值为273.26263635
23-11-2020:21:54:51,957 INFO     [fletcher_freeman.py:94] 特征值中有负值
23-11-2020:21:54:51,968 INFO     [fletcher_freeman.py:120] 迭代第3轮，当前函数调用次数151，当前X取值为[-1.30838296  1.86223141 -1.23553214  1.51138236]，下降方向为[-0.05648961 -0.69728504  1.60519188  0.        ]，当前函数值为31.48834662
23-11-2020:21:54:51,979 INFO     [fletcher_freeman.py:94] 特征值中有负值
23-11-2020:21:54:51,988 INFO     [fletcher_freeman.py:120] 迭代第4轮，当前函数调用次数192，当前X取值为[-1.30960372  1.84716286 -1.20084342  1.51138236]，下降方向为[-0.04888004  0.01934196 -0.16954735  0.        ]，当前函数值为30.82371382
23-11-2020:21:54:51,999 INFO     [fletcher_freeman.py:94] 特征值中有负值
23-11-2020:21:54:52,16 INFO     [fletcher_freeman.py:120] 迭代第5轮，当前函数调用次数236，当前X取值为[-1.31924736  1.85097887 -1.23429374  1.51138236]，下降方向为[-0.03977965 -0.60904809  1.40096162  0.        ]，当前函数值为30.17843274
23-11-2020:21:54:52,36 INFO     [fletcher_freeman.py:94] 特征值中有负值
23-11-2020:21:54:52,54 INFO     [fletcher_freeman.py:120] 迭代第6轮，当前函数调用次数275，当前X取值为[-1.32008022  1.83822732 -1.20496201  1.51138236]，下降方向为[-0.03376525  0.00163656 -0.11033029  0.        ]，当前函数值为29.70208383
23-11-2020:21:54:52,74 INFO     [fletcher_freeman.py:94] 特征值中有负值
23-11-2020:21:54:52,92 INFO     [fletcher_freeman.py:120] 迭代第7轮，当前函数调用次数323，当前X取值为[-1.32902498  1.83866086 -1.23418964  1.51138236]，下降方向为[-0.02438905 -0.53994019  1.24690131  0.        ]，当前函数值为29.18896132
23-11-2020:21:54:52,112 INFO     [fletcher_freeman.py:94] 特征值中有负值
23-11-2020:21:54:52,170 INFO     [fletcher_freeman.py:120] 迭代第8轮，当前函数调用次数366，当前X取值为[-1.32952044  1.82769198 -1.20885886  1.51138236]，下降方向为[-0.01960047 -0.01243424 -0.05968553  0.        ]，当前函数值为28.83312156
23-11-2020:21:54:52,211 INFO     [fletcher_freeman.py:111] 特征值全为正
23-11-2020:21:54:52,269 INFO     [fletcher_freeman.py:120] 迭代第9轮，当前函数调用次数413，当前X取值为[-1.33818018  1.82219838 -1.23522868  1.51138236]，下降方向为[ 2.19936958 -5.8655329  -1.64144633  4.10611204]，当前函数值为28.37510194
23-11-2020:21:54:52,319 INFO     [fletcher_freeman.py:111] 特征值全为正
23-11-2020:21:54:52,353 INFO     [fletcher_freeman.py:120] 迭代第10轮，当前函数调用次数458，当前X取值为[-0.99399505  0.9042857  -1.49210294  2.15395863]，下降方向为[ 0.15417576 -0.22649349  0.28625938 -0.78752367]，当前函数值为22.7147405
23-11-2020:21:54:52,383 INFO     [fletcher_freeman.py:111] 特征值全为正
23-11-2020:21:54:52,398 INFO     [fletcher_freeman.py:120] 迭代第11轮，当前函数调用次数512，当前X取值为[-0.83115694  0.66506668 -1.18976009  1.322188  ]，下降方向为[ 0.07275906 -0.0868698   0.03228427  0.02406146]，当前函数值为9.04345332
23-11-2020:21:54:52,410 INFO     [fletcher_freeman.py:111] 特征值全为正
23-11-2020:21:54:52,420 INFO     [fletcher_freeman.py:120] 迭代第12轮，当前函数调用次数564，当前X取值为[-0.75265067  0.57133507 -1.1549257   1.34815006]，下降方向为[ 0.43363163 -0.64604037 -0.27600883  0.63151957]，当前函数值为7.86140955
23-11-2020:21:54:52,432 INFO     [fletcher_freeman.py:111] 特征值全为正
23-11-2020:21:54:52,442 INFO     [fletcher_freeman.py:120] 迭代第13轮，当前函数调用次数611，当前X取值为[-0.66968083  0.44772354 -1.20773645  1.46898323]，下降方向为[ 0.11081272 -0.13615447 -0.04861829  0.11704254]，当前函数值为7.84531715
23-11-2020:21:54:52,453 INFO     [fletcher_freeman.py:111] 特征值全为正
23-11-2020:21:54:52,463 INFO     [fletcher_freeman.py:120] 迭代第14轮，当前函数调用次数665，当前X取值为[-0.53111037  0.27746343 -1.26853324  1.61534402]，下降方向为[ 0.12883105 -0.12015023 -0.04673958  0.1223265 ]，当前函数值为7.78998991
23-11-2020:21:54:52,475 INFO     [fletcher_freeman.py:111] 特征值全为正
23-11-2020:21:54:52,485 INFO     [fletcher_freeman.py:120] 迭代第15轮，当前函数调用次数721，当前X取值为[-0.362359    0.12008276 -1.32975582  1.77557532]，下降方向为[ 0.14389359 -0.08070403 -0.02905219  0.07963463]，当前函数值为7.68414256
23-11-2020:21:54:52,496 INFO     [fletcher_freeman.py:111] 特征值全为正
23-11-2020:21:54:52,506 INFO     [fletcher_freeman.py:120] 迭代第16轮，当前函数调用次数774，当前X取值为[-0.15944072  0.0062742  -1.37072512  1.88787582]，下降方向为[ 0.15773267 -0.01867972 -0.00671462  0.01901108]，当前函数值为7.47465768
23-11-2020:21:54:52,518 INFO     [fletcher_freeman.py:111] 特征值全为正
23-11-2020:21:54:52,530 INFO     [fletcher_freeman.py:120] 迭代第17轮，当前函数调用次数826，当前X取值为[ 0.07852873 -0.02190768 -1.38085539  1.91655762]，下降方向为[ 0.16850107  0.06683649  0.02399517 -0.06641122]，当前函数值为7.0917868
23-11-2020:21:54:52,551 INFO     [fletcher_freeman.py:111] 特征值全为正
23-11-2020:21:54:52,571 INFO     [fletcher_freeman.py:120] 迭代第18轮，当前函数调用次数877，当前X取值为[ 0.35096227  0.08615395 -1.34205985  1.80918356]，下降方向为[ 0.17411133  0.1708333   0.06336672 -0.16832944]，当前函数值为6.45581713
23-11-2020:21:54:52,591 INFO     [fletcher_freeman.py:111] 特征值全为正
23-11-2020:21:54:52,610 INFO     [fletcher_freeman.py:120] 迭代第19轮，当前函数调用次数919，当前X取值为[ 0.65122761  0.38076615 -1.23278018  1.51888944]，下降方向为[ 0.16742547  0.27114321  0.11055238 -0.26222906]，当前函数值为5.52499797
23-11-2020:21:54:52,631 INFO     [fletcher_freeman.py:111] 特征值全为正
23-11-2020:21:54:52,650 INFO     [fletcher_freeman.py:120] 迭代第20轮，当前函数调用次数972，当前X取值为[ 0.952332    0.8684005  -1.03395854  1.04728664]，下降方向为[ 0.12952532  0.29090891  0.14315084 -0.26709689]，当前函数值为4.40475383
23-11-2020:21:54:52,671 INFO     [fletcher_freeman.py:111] 特征值全为正
23-11-2020:21:54:52,690 INFO     [fletcher_freeman.py:120] 迭代第21轮，当前函数调用次数1022，当前X取值为[ 1.19272731  1.40831917 -0.76827465  0.55156241]，下降方向为[ 0.06810549  0.1786506   0.13872198 -0.16967082]，当前函数值为3.40850426
23-11-2020:21:54:52,711 INFO     [fletcher_freeman.py:111] 特征值全为正
23-11-2020:21:54:52,730 INFO     [fletcher_freeman.py:120] 迭代第22轮，当前函数调用次数1075，当前X取值为[ 1.34045556  1.79583184 -0.46737152  0.18352788]，下降方向为[ 0.02798821  0.07741814  0.13792007 -0.08850997]，当前函数值为2.64307239
23-11-2020:21:54:52,751 INFO     [fletcher_freeman.py:111] 特征值全为正
23-11-2020:21:54:52,770 INFO     [fletcher_freeman.py:120] 迭代第23轮，当前函数调用次数1129，当前X取值为[ 1.39855206e+00  1.95653249e+00 -1.81084044e-01 -1.96613743e-04]，下降方向为[ 0.00742833  0.02164153  0.14189326 -0.01236805]，当前函数值为2.05372088
23-11-2020:21:54:52,791 INFO     [fletcher_freeman.py:111] 特征值全为正
23-11-2020:21:54:52,810 INFO     [fletcher_freeman.py:120] 迭代第24轮，当前函数调用次数1182，当前X取值为[ 1.41308134  1.99886175  0.09644888 -0.02438763]，下降方向为[-0.02602465 -0.07420522  0.14202836  0.06683359]，当前函数值为1.5054874
23-11-2020:21:54:52,830 INFO     [fletcher_freeman.py:111] 特征值全为正
23-11-2020:21:54:52,843 INFO     [fletcher_freeman.py:120] 迭代第25轮，当前函数调用次数1235，当前X取值为[1.36221644 1.85382844 0.37404179 0.10623791]，下降方向为[-0.04612399 -0.12275741  0.13183388  0.13682003]，当前函数值为0.94673083
23-11-2020:21:54:52,857 INFO     [fletcher_freeman.py:111] 特征值全为正
23-11-2020:21:54:52,870 INFO     [fletcher_freeman.py:120] 迭代第26轮，当前函数调用次数1289，当前X取值为[1.26662617 1.59941818 0.64726272 0.38979243]，下降方向为[-0.06870786 -0.16861649  0.10338568  0.16550888]，当前函数值为0.42193053
23-11-2020:21:54:52,885 INFO     [fletcher_freeman.py:111] 特征值全为正
23-11-2020:21:54:52,899 INFO     [fletcher_freeman.py:120] 迭代第27轮，当前函数调用次数1342，当前X取值为[1.11776694 1.23410162 0.87125329 0.7483762 ]，下降方向为[-0.04800048 -0.09235039  0.05712602  0.11049383]，当前函数值为0.09083682
23-11-2020:21:54:52,912 INFO     [fletcher_freeman.py:111] 特征值全为正
23-11-2020:21:54:52,923 INFO     [fletcher_freeman.py:120] 迭代第28轮，当前函数调用次数1395，当前X取值为[1.03192905 1.06895405 0.97341012 0.94596918]，下降方向为[-0.03716539 -0.08065912  0.03241309  0.06474565]，当前函数值为0.0073463
23-11-2020:21:54:52,936 INFO     [fletcher_freeman.py:111] 特征值全为正
23-11-2020:21:54:52,946 INFO     [fletcher_freeman.py:120] 迭代第29轮，当前函数调用次数1448，当前X取值为[1.00032377 1.00036188 1.00097407 1.00102859]，下降方向为[-0.00035963 -0.00043402 -0.00093508 -0.00095215]，当前函数值为0.00010485
23-11-2020:21:54:52,959 INFO     [fletcher_freeman.py:111] 特征值全为正
23-11-2020:21:54:52,970 INFO     [fletcher_freeman.py:120] 迭代第30轮，当前函数调用次数1501，当前X取值为[0.99996335 0.99992691 1.00003693 1.00007436]，下降方向为[ 3.66560537e-05  7.30955228e-05 -3.69327176e-05 -7.43628308e-05]，当前函数值为0.0
23-11-2020:21:54:52,971 INFO     [fletcher_freeman.py:138] 因为函数值下降在1e-08以内，ELS的FF方法，迭代结束，迭代轮次30，函数调用次数1552，最终X=[0.99996335 0.99992691 1.00003693 1.00007436]，最终函数值=3.3673430037460344e-16
23-11-2020:21:54:52,971 INFO     [main.py:363] 非精确线搜索下的FF方法
23-11-2020:21:54:52,977 INFO     [fletcher_freeman.py:111] 特征值全为正
23-11-2020:21:54:52,984 INFO     [fletcher_freeman.py:125] 迭代第0轮，当前函数调用次数1，当前X取值为[-3 -1 -3 -1]，下降方向为[0.30318037 7.1764779  0.33664071 6.86480406]，当前函数值为19192.0
23-11-2020:21:54:53,118 INFO     [fletcher_freeman.py:111] 特征值全为正
23-11-2020:21:54:53,122 INFO     [fletcher_freeman.py:125] 迭代第1轮，当前函数调用次数13，当前X取值为[-2.88157017  1.80331168 -2.86849972  1.68156409]，下降方向为[0.37102414 3.53102016 0.40707616 3.28897197]，当前函数值为8134.62395533
23-11-2020:21:54:53,319 INFO     [fletcher_freeman.py:111] 特征值全为正
23-11-2020:21:54:53,323 INFO     [fletcher_freeman.py:125] 迭代第2轮，当前函数调用次数25，当前X取值为[-2.73663886  3.18261643 -2.7094856   2.96631877]，下降方向为[0.42471819 1.31965857 0.4593532  1.15072038]，当前函数值为3777.17468469
23-11-2020:21:54:53,500 INFO     [fletcher_freeman.py:111] 特征值全为正
23-11-2020:21:54:53,502 INFO     [fletcher_freeman.py:125] 迭代第3轮，当前函数调用次数37，当前X取值为[-2.57073332  3.69810806 -2.53005075  3.41581891]，下降方向为[ 0.45741437  0.04695579  0.48692002 -0.0463868 ]，当前函数值为1935.98063489
23-11-2020:21:54:53,613 INFO     [fletcher_freeman.py:111] 特征值全为正
23-11-2020:21:54:53,615 INFO     [fletcher_freeman.py:125] 迭代第4轮，当前函数调用次数49，当前X取值为[-2.39205583  3.71645017 -2.33984762  3.39769907]，下降方向为[ 0.46750089 -0.61693159  0.48967809 -0.64229841]，当前函数值为1074.73521679
23-11-2020:21:54:53,834 INFO     [fletcher_freeman.py:111] 特征值全为正
23-11-2020:21:54:53,838 INFO     [fletcher_freeman.py:125] 迭代第5轮，当前函数调用次数61，当前X取值为[-2.20943829  3.47546127 -2.14856712  3.14680125]，下降方向为[ 0.45754428 -0.90064346  0.47207043 -0.87496846]，当前函数值为625.96458119
23-11-2020:21:54:54,26 INFO     [fletcher_freeman.py:111] 特征值全为正
23-11-2020:21:54:54,28 INFO     [fletcher_freeman.py:125] 迭代第6轮，当前函数调用次数73，当前X取值为[-2.03071006  3.12364742 -1.96416461  2.8050167 ]，下降方向为[ 0.43219734 -0.9616606   0.44016531 -0.90500789]，当前函数值为372.13159783
23-11-2020:21:54:54,146 INFO     [fletcher_freeman.py:111] 特征值全为正
23-11-2020:21:54:54,148 INFO     [fletcher_freeman.py:125] 迭代第7轮，当前函数调用次数85，当前X取值为[-1.86188297  2.74799874 -1.79222503  2.45149799]，下降方向为[ 0.39644169 -0.90403579  0.39957393 -0.83383201]，当前函数值为222.06579161
23-11-2020:21:54:54,304 INFO     [fletcher_freeman.py:111] 特征值全为正
23-11-2020:21:54:54,307 INFO     [fletcher_freeman.py:125] 迭代第8轮，当前函数调用次数97，当前X取值为[-1.70702294  2.39485976 -1.63614146  2.12578236]，下降方向为[ 0.35458678 -0.79243944  0.35459419 -0.72086315]，当前函数值为132.10553466
23-11-2020:21:54:54,510 INFO     [fletcher_freeman.py:111] 特征值全为正
23-11-2020:21:54:54,514 INFO     [fletcher_freeman.py:125] 迭代第9轮，当前函数调用次数109，当前X取值为[-1.56851248  2.08531311 -1.49762811  1.84419519]，下降方向为[ 0.30991621 -0.66417544  0.30817777 -0.598297  ]，当前函数值为78.43378676
23-11-2020:21:54:54,691 INFO     [fletcher_freeman.py:111] 特征值全为正
23-11-2020:21:54:54,693 INFO     [fletcher_freeman.py:125] 迭代第10轮，当前函数调用次数121，当前X取值为[-1.44745146  1.82586958 -1.37724617  1.61048543]，下降方向为[ 0.2647425  -0.53886366  0.26224472 -0.48201713]，当前函数值为46.90466663
23-11-2020:21:54:54,804 INFO     [fletcher_freeman.py:111] 特征值全为正
23-11-2020:21:54:54,806 INFO     [fletcher_freeman.py:125] 迭代第11轮，当前函数调用次数133，当前X取值为[-1.34403642  1.61537596 -1.27480683  1.42219749]，下降方向为[ 0.22066    -0.4255603   0.21806485 -0.37879645]，当前函数值为28.79531807
23-11-2020:21:54:55,19 INFO     [fletcher_freeman.py:111] 特征值全为正
23-11-2020:21:54:55,23 INFO     [fletcher_freeman.py:125] 迭代第12轮，当前函数调用次数145，当前X取值为[-1.2578411   1.44914147 -1.18962524  1.27423012]，下降方向为[ 0.17884733 -0.32755009  0.17659157 -0.29070381]，当前函数值为18.68626918
23-11-2020:21:54:55,277 INFO     [fletcher_freeman.py:111] 特征值全为正
23-11-2020:21:54:55,279 INFO     [fletcher_freeman.py:125] 迭代第13轮，当前函数调用次数157，当前X取值为[-1.18797887  1.32119221 -1.12064416  1.16067395]，下降方向为[ 0.14031537 -0.24530568  0.13869981 -0.21765038]，当前函数值为13.2358884
23-11-2020:21:54:55,392 INFO     [fletcher_freeman.py:111] 特征值全为正
23-11-2020:21:54:55,394 INFO     [fletcher_freeman.py:125] 迭代第14轮，当前函数调用次数169，当前X取值为[-1.13316818  1.22536968 -1.06646455  1.07565427]，下降方向为[ 0.10601561 -0.17811379  0.10528246 -0.15874156]，当前函数值为10.41618728
23-11-2020:21:54:55,517 INFO     [fletcher_freeman.py:111] 特征值全为正
23-11-2020:21:54:55,521 INFO     [fletcher_freeman.py:125] 迭代第15轮，当前函数调用次数181，当前X取值为[-1.09175583  1.15579398 -1.02533859  1.01364585]，下降方向为[ 0.07675206 -0.12476441  0.07716938 -0.11285581]，当前函数值为9.0248804
23-11-2020:21:54:55,722 INFO     [fletcher_freeman.py:111] 特征值全为正
23-11-2020:21:54:55,725 INFO     [fletcher_freeman.py:125] 迭代第16轮，当前函数调用次数193，当前X取值为[-1.06177456  1.10705788 -0.9951943   0.96956154]，下降方向为[ 0.05293081 -0.08364636  0.05491653 -0.07877427]，当前函数值为8.37267481
23-11-2020:21:54:55,900 INFO     [fletcher_freeman.py:111] 特征值全为正
23-11-2020:21:54:55,903 INFO     [fletcher_freeman.py:125] 迭代第17轮，当前函数调用次数205，当前X取值为[-1.04109846  1.07438353 -0.97374253  0.93879035]，下降方向为[ 0.0343018  -0.05259583  0.03864483 -0.05520807]，当前函数值为8.08227187
23-11-2020:21:54:56,26 INFO     [fletcher_freeman.py:111] 特征值全为正
23-11-2020:21:54:56,30 INFO     [fletcher_freeman.py:125] 迭代第18轮，当前函数调用次数217，当前X取值为[-1.02769932  1.05383828 -0.95864689  0.91722469]，下降方向为[ 0.01983343 -0.02871418  0.02816013 -0.04107677]，当前函数值为7.95892867
23-11-2020:21:54:56,230 INFO     [fletcher_freeman.py:111] 特征值全为正
23-11-2020:21:54:56,234 INFO     [fletcher_freeman.py:125] 迭代第19轮，当前函数调用次数229，当前X取值为[-1.01995188  1.0426218  -0.94764684  0.90117908]，下降方向为[ 0.00757305 -0.00788596  0.02355906 -0.0364378 ]，当前函数值为7.90854599
23-11-2020:21:54:56,447 INFO     [fletcher_freeman.py:111] 特征值全为正
23-11-2020:21:54:56,449 INFO     [fletcher_freeman.py:125] 迭代第20轮，当前函数调用次数241，当前X取值为[-1.01699366  1.03954135 -0.93844408  0.88694557]，下降方向为[-0.00642793  0.01772386  0.0270366  -0.04551689]，当前函数值为7.88850766
23-11-2020:21:54:56,560 INFO     [fletcher_freeman.py:111] 特征值全为正
23-11-2020:21:54:56,562 INFO     [fletcher_freeman.py:125] 迭代第21轮，当前函数调用次数253，当前X取值为[-1.01950457  1.04646473 -0.92788291  0.86916553]，下降方向为[-0.03526913  0.07467146  0.0514927  -0.09206765]，当前函数值为7.88051293
23-11-2020:21:54:56,796 INFO     [fletcher_freeman.py:111] 特征值全为正
23-11-2020:21:54:56,800 INFO     [fletcher_freeman.py:125] 迭代第22轮，当前函数调用次数265，当前X取值为[-1.03328157  1.07563327 -0.90776857  0.83320161]，下降方向为[-0.14025004  0.29130995  0.16858165 -0.30287953]，当前函数值为7.87669099
23-11-2020:21:54:57,80 INFO     [fletcher_freeman.py:111] 特征值全为正
23-11-2020:21:54:57,83 INFO     [fletcher_freeman.py:125] 迭代第23轮，当前函数调用次数277，当前X取值为[-1.08806674  1.18942622 -0.84191636  0.71488929]，下降方向为[-0.04926546  0.11124222  0.07390371 -0.11830854]，当前函数值为7.87312999
23-11-2020:21:54:57,195 INFO     [fletcher_freeman.py:111] 特征值全为正
23-11-2020:21:54:57,197 INFO     [fletcher_freeman.py:125] 迭代第24轮，当前函数调用次数289，当前X取值为[-1.10731106  1.23288021 -0.81304773  0.66867502]，下降方向为[-0.12091932  0.27037334  0.17310818 -0.27628894]，当前函数值为7.86643182
23-11-2020:21:54:57,553 INFO     [fletcher_freeman.py:111] 特征值全为正
23-11-2020:21:54:57,564 INFO     [fletcher_freeman.py:125] 迭代第25轮，当前函数调用次数301，当前X取值为[-1.15454517  1.3384948  -0.74542735  0.56074965]，下降方向为[-0.08205297  0.19324121  0.13746365 -0.19710392]，当前函数值为7.85596403
23-11-2020:21:54:57,681 INFO     [fletcher_freeman.py:111] 特征值全为正
23-11-2020:21:54:57,683 INFO     [fletcher_freeman.py:125] 迭代第26轮，当前函数调用次数313，当前X取值为[-1.18659711  1.41397965 -0.69173061  0.48375593]，下降方向为[-0.12106549  0.29046005  0.21881961 -0.2944982 ]，当前函数值为7.84032609
23-11-2020:21:54:57,808 INFO     [fletcher_freeman.py:111] 特征值全为正
23-11-2020:21:54:57,811 INFO     [fletcher_freeman.py:125] 迭代第27轮，当前函数调用次数325，当前X取值为[-1.23388832  1.5274406  -0.6062542   0.36871757]，下降方向为[-0.07593763  0.19149156  0.16985707 -0.19363502]，当前函数值为7.81498902
23-11-2020:21:54:58,84 INFO     [fletcher_freeman.py:111] 特征值全为正
23-11-2020:21:54:58,87 INFO     [fletcher_freeman.py:125] 迭代第28轮，当前函数调用次数337，当前X取值为[-1.26355145  1.60224199 -0.53990378  0.29307889]，下降方向为[-0.10192239  0.26079092  0.2554637  -0.26346875]，当前函数值为7.77938819
23-11-2020:21:54:58,242 INFO     [fletcher_freeman.py:111] 特征值全为正
23-11-2020:21:54:58,245 INFO     [fletcher_freeman.py:125] 迭代第29轮，当前函数调用次数349，当前X取值为[-1.30336489  1.70411345 -0.44011327  0.19016141]，下降方向为[-0.06163589  0.16413419  0.2072977  -0.16503537]，当前函数值为7.72439182
23-11-2020:21:54:58,428 INFO     [fletcher_freeman.py:111] 特征值全为正
23-11-2020:21:54:58,440 INFO     [fletcher_freeman.py:125] 迭代第30轮，当前函数调用次数361，当前X取值为[-1.3274414   1.76822836 -0.35913761  0.12569447]，下降方向为[-0.06771782  0.18236431  0.27967983 -0.18346192]，当前函数值为7.65128021
23-11-2020:21:54:58,718 INFO     [fletcher_freeman.py:111] 特征值全为正
23-11-2020:21:54:58,721 INFO     [fletcher_freeman.py:125] 迭代第31轮，当前函数调用次数373，当前X取值为[-1.35389368  1.83946442 -0.24988767  0.05402966]，下降方向为[-0.03634601  0.10063541  0.2460816  -0.10054053]，当前函数值为7.545762
23-11-2020:21:54:58,838 INFO     [fletcher_freeman.py:111] 特征值全为正
23-11-2020:21:54:58,840 INFO     [fletcher_freeman.py:125] 迭代第32轮，当前函数调用次数385，当前X取值为[-1.36809134  1.87877513 -0.15376205  0.01475601]，下降方向为[-0.02429051  0.06797945  0.29456876 -0.06768159]，当前函数值为7.41198678
23-11-2020:21:54:59,82 INFO     [fletcher_freeman.py:111] 特征值全为正
23-11-2020:21:54:59,85 INFO     [fletcher_freeman.py:125] 迭代第33轮，当前函数调用次数397，当前X取值为[-1.37757981  1.90532961 -0.03869612 -0.01168211]，下降方向为[ 0.00198392 -0.00443616  0.2794407   0.00538372]，当前函数值为7.23379155
23-11-2020:21:54:59,329 INFO     [fletcher_freeman.py:111] 特征值全为正
23-11-2020:21:54:59,331 INFO     [fletcher_freeman.py:125] 迭代第34轮，当前函数调用次数409，当前X取值为[-1.37680485  1.90359673  0.0704604  -0.00957909]，下降方向为[ 0.0255498  -0.06967197  0.30457572  0.07105621]，当前函数值为7.01703707
23-11-2020:21:54:59,462 INFO     [fletcher_freeman.py:111] 特征值全为正
23-11-2020:21:54:59,465 INFO     [fletcher_freeman.py:125] 迭代第35轮，当前函数调用次数421，当前X取值为[-1.36682445  1.87638112  0.18943529  0.01817724]，下降方向为[ 0.05260966 -0.14320816  0.30141281  0.14514927]，当前函数值为6.75024608
23-11-2020:21:54:59,668 INFO     [fletcher_freeman.py:111] 特征值全为正
23-11-2020:21:54:59,672 INFO     [fletcher_freeman.py:125] 迭代第36轮，当前函数调用次数433，当前X取值为[-1.34627381  1.82044043  0.30717467  0.07487617]，下降方向为[ 0.08216815 -0.22033265  0.31052791  0.22303125]，当前函数值为6.43982566
23-11-2020:21:54:59,835 INFO     [fletcher_freeman.py:111] 特征值全为正
23-11-2020:21:54:59,838 INFO     [fletcher_freeman.py:125] 迭代第37轮，当前函数调用次数445，当前X取值为[-1.31417687  1.73437299  0.42847463  0.16199776]，下降方向为[ 0.1128436  -0.29490184  0.30916668  0.2987115 ]，当前函数值为6.08399143
23-11-2020:21:54:59,966 INFO     [fletcher_freeman.py:111] 特征值全为正
23-11-2020:21:54:59,968 INFO     [fletcher_freeman.py:125] 迭代第38轮，当前函数调用次数457，当前X取值为[-1.27009734  1.61917696  0.54924287  0.27868193]，下降方向为[ 0.14534257 -0.36617359  0.30711192  0.37174352]，当前函数值为5.69173162
23-11-2020:21:55:00,144 INFO     [fletcher_freeman.py:111] 特征值全为正
23-11-2020:21:55:00,148 INFO     [fletcher_freeman.py:125] 迭代第39轮，当前函数调用次数469，当前X取值为[-1.2133229   1.4761404   0.66920846  0.42389425]，下降方向为[ 0.17726754 -0.42518042  0.29821307  0.43347939]，当前函数值为5.27207035
23-11-2020:21:55:00,379 INFO     [fletcher_freeman.py:111] 特征值全为正
23-11-2020:21:55:00,381 INFO     [fletcher_freeman.py:125] 迭代第40轮，当前函数调用次数481，当前X取值为[-1.14407777  1.3100543   0.78569794  0.59322213]，下降方向为[ 0.20633456 -0.46459168  0.28228434  0.47681856]，当前函数值为4.84033331
23-11-2020:21:55:00,552 INFO     [fletcher_freeman.py:111] 特征值全为正
23-11-2020:21:55:00,555 INFO     [fletcher_freeman.py:125] 迭代第41轮，当前函数调用次数493，当前X取值为[-1.06347833  1.12857318  0.89596526  0.77947938]，下降方向为[ 0.22832885 -0.4751226   0.25739852  0.49215199]，当前函数值为4.41483092
23-11-2020:21:55:00,891 INFO     [fletcher_freeman.py:111] 特征值全为正
23-11-2020:21:55:00,893 INFO     [fletcher_freeman.py:125] 迭代第42轮，当前函数调用次数505，当前X取值为[-0.97428737  0.94297841  0.99651156  0.97172626]，下降方向为[ 0.24014352 -0.45432293  0.22492466  0.4756333 ]，当前函数值为4.01544072
23-11-2020:21:55:01,7 INFO     [fletcher_freeman.py:111] 特征值全为正
23-11-2020:21:55:01,9 INFO     [fletcher_freeman.py:125] 迭代第43轮，当前函数调用次数517，当前X取值为[-0.88048131  0.76550852  1.08437276  1.15752052]，下降方向为[ 0.24248745 -0.41065293  0.18943733  0.43379254]，当前函数值为3.65771024
23-11-2020:21:55:01,156 INFO     [fletcher_freeman.py:111] 特征值全为正
23-11-2020:21:55:01,160 INFO     [fletcher_freeman.py:125] 迭代第44轮，当前函数调用次数529，当前X取值为[-0.78575965  0.60509722  1.15837171  1.32697073]，下降方向为[ 0.23969733 -0.3582885   0.15610852  0.38002779]，当前函数值为3.34731615
23-11-2020:21:55:01,457 INFO     [fletcher_freeman.py:111] 特征值全为正
23-11-2020:21:55:01,459 INFO     [fletcher_freeman.py:125] 迭代第45轮，当前函数调用次数541，当前X取值为[-0.69212788  0.46514077  1.21935161  1.47541908]，下降方向为[ 0.23599933 -0.30700363  0.12748593  0.32507167]，当前函数值为3.07982594
23-11-2020:21:55:01,578 INFO     [fletcher_freeman.py:111] 特征值全为正
23-11-2020:21:55:01,580 INFO     [fletcher_freeman.py:125] 迭代第46轮，当前函数调用次数553，当前X取值为[-0.59994064  0.34521748  1.2691508   1.6024002 ]，下降方向为[ 0.23351545 -0.25981761  0.10354561  0.27348568]，当前函数值为2.84564968
23-11-2020:21:55:01,827 INFO     [fletcher_freeman.py:111] 特征值全为正
23-11-2020:21:55:01,831 INFO     [fletcher_freeman.py:125] 迭代第47轮，当前函数调用次数565，当前X取值为[-0.50872367  0.24372622  1.3095983   1.70923055]，下降方向为[ 0.23269908 -0.21603898  0.0831692   0.22568926]，当前函数值为2.6347659
23-11-2020:21:55:02,11 INFO     [fletcher_freeman.py:111] 特征值全为正
23-11-2020:21:55:02,13 INFO     [fletcher_freeman.py:125] 迭代第48轮，当前函数调用次数577，当前X取值为[-0.41782559  0.159336    1.34208627  1.79739042]，下降方向为[ 0.23321338 -0.17397449  0.06512794  0.18049007]，当前函数值为2.43883636
23-11-2020:21:55:02,123 INFO     [fletcher_freeman.py:111] 特征值全为正
23-11-2020:21:55:02,125 INFO     [fletcher_freeman.py:125] 迭代第49轮，当前函数调用次数589，当前X取值为[-0.32672662  0.09137721  1.36752687  1.86789435]，下降方向为[ 0.23447533 -0.13216301  0.04844992  0.13651761]，当前函数值为2.25155174
23-11-2020:21:55:02,292 INFO     [fletcher_freeman.py:111] 特征值全为正
23-11-2020:21:55:02,296 INFO     [fletcher_freeman.py:125] 迭代第50轮，当前函数调用次数601，当前X取值为[-0.23513469  0.03975104  1.38645262  1.92122154]，下降方向为[ 0.2358971  -0.08973737  0.03248126  0.09279957]，当前函数值为2.06836394
23-11-2020:21:55:02,530 INFO     [fletcher_freeman.py:111] 特征值全为正
23-11-2020:21:55:02,533 INFO     [fletcher_freeman.py:125] 迭代第51轮，当前函数调用次数613，当前X取值为[-0.14298739  0.00469738  1.39914061  1.95747137]，下降方向为[ 0.23696138 -0.04643284  0.01684167  0.04890402]，当前函数值为1.88617942
23-11-2020:21:55:02,680 INFO     [fletcher_freeman.py:111] 特征值全为正
23-11-2020:21:55:02,683 INFO     [fletcher_freeman.py:125] 迭代第52轮，当前函数调用次数625，当前X取值为[-0.05042435 -0.01344045  1.40571939  1.9765745 ]，下降方向为[ 0.23722437 -0.00249835  0.00136381  0.00491509]，当前函数值为1.70317735
23-11-2020:21:55:02,878 INFO     [fletcher_freeman.py:111] 特征值全为正
23-11-2020:21:55:02,881 INFO     [fletcher_freeman.py:125] 迭代第53轮，当前函数调用次数637，当前X取值为[ 0.04224142 -0.01441637  1.40625213  1.97849446]，下降方向为[ 0.23629762  0.04139289 -0.01395298 -0.038633  ]，当前函数值为1.5187429
23-11-2020:21:55:03,167 INFO     [fletcher_freeman.py:111] 特征值全为正
23-11-2020:21:55:03,169 INFO     [fletcher_freeman.py:125] 迭代第54轮，当前函数调用次数649，当前X取值为[1.34545181e-01 1.75272759e-03 1.40080174e+00 1.96340344e+00]，下降方向为[ 0.23382999  0.08421307 -0.02897044 -0.080823  ]，当前函数值为1.33345423
23-11-2020:21:55:03,295 INFO     [fletcher_freeman.py:111] 特征值全为正
23-11-2020:21:55:03,297 INFO     [fletcher_freeman.py:125] 迭代第55轮，当前函数调用次数661，当前X取值为[0.22588502 0.03464846 1.38948516 1.93183196]，下降方向为[ 0.22949712  0.12463776 -0.04342486 -0.12041936]，当前函数值为1.14905654
23-11-2020:21:55:03,496 INFO     [fletcher_freeman.py:111] 特征值全为正
23-11-2020:21:55:03,501 INFO     [fletcher_freeman.py:125] 迭代第56轮，当前函数调用次数673，当前X取值为[0.31553233 0.08333508 1.37252232 1.88479314]，下降方向为[ 0.22300197  0.16110914 -0.05693335 -0.15594233]，当前函数值为0.96836467
23-11-2020:21:55:03,688 INFO     [fletcher_freeman.py:111] 特征值全为正
23-11-2020:21:55:03,690 INFO     [fletcher_freeman.py:125] 迭代第57轮，当前函数调用次数685，当前X取值为[0.40264248 0.14626834 1.35028273 1.82387817]，下降方向为[ 0.21409049  0.19192614 -0.06900189 -0.18577013]，当前函数值为0.79504837
23-11-2020:21:55:03,822 INFO     [fletcher_freeman.py:111] 特征值全为正
23-11-2020:21:55:03,824 INFO     [fletcher_freeman.py:125] 迭代第58轮，当前函数调用次数697，当前X取值为[0.48627158 0.22123949 1.32332887 1.75131171]，下降方向为[ 0.20258666  0.21538664 -0.07904756 -0.20829202]，当前函数值为0.6332726
23-11-2020:21:55:03,989 INFO     [fletcher_freeman.py:111] 特征值全为正
23-11-2020:21:55:03,992 INFO     [fletcher_freeman.py:125] 迭代第59轮，当前函数调用次数709，当前X取值为[0.56540699 0.30537489 1.29245091 1.66994764]，下降方向为[ 0.18844809  0.23000273 -0.08644973 -0.22212909]，当前函数值为0.48719326
23-11-2020:21:55:04,266 INFO     [fletcher_freeman.py:111] 特征值全为正
23-11-2020:21:55:04,269 INFO     [fletcher_freeman.py:125] 迭代第60轮，当前函数调用次数721，当前X取值为[0.63901953 0.39521971 1.25868149 1.58317847]，下降方向为[ 0.17183402  0.23478654 -0.09064139 -0.22641422]，当前函数值为0.36035285
23-11-2020:21:55:04,396 INFO     [fletcher_freeman.py:111] 特征值全为正
23-11-2020:21:55:04,398 INFO     [fletcher_freeman.py:125] 迭代第61轮，当前函数调用次数733，当前X取值为[0.70614219 0.4869332  1.2232747  1.49473542]，下降方向为[ 0.15316086  0.22955253 -0.09123579 -0.22107186]，当前函数值为0.255078
23-11-2020:21:55:04,536 INFO     [fletcher_freeman.py:111] 特征值全为正
23-11-2020:21:55:04,540 INFO     [fletcher_freeman.py:125] 迭代第62轮，当前函数调用次数745，当前X取值为[0.76597065 0.57660216 1.18763572 1.40837922]，下降方向为[ 0.13310814  0.21512064 -0.08815553 -0.20698442]，当前函数值为0.1720334
23-11-2020:21:55:04,773 INFO     [fletcher_freeman.py:111] 特征值全为正
23-11-2020:21:55:04,777 INFO     [fletcher_freeman.py:125] 迭代第63轮，当前函数调用次数757，当前X取值为[0.81796602 0.66063366 1.15319996 1.32752593]，下降方向为[ 0.11254737  0.19329042 -0.08170917 -0.1859315 ]，当前函数值为0.11009216
23-11-2020:21:55:04,900 INFO     [fletcher_freeman.py:111] 特征值全为正
23-11-2020:21:55:04,902 INFO     [fletcher_freeman.py:125] 迭代第64轮，当前函数调用次数769，当前X取值为[0.86192983 0.73613773 1.12128232 1.25489644]，下降方向为[ 0.09240713  0.1665448  -0.07257331 -0.1602853 ]，当前函数值为0.0666005
23-11-2020:21:55:05,37 INFO     [fletcher_freeman.py:111] 特征值全为正
23-11-2020:21:55:05,41 INFO     [fletcher_freeman.py:125] 迭代第65轮，当前函数调用次数781，当前X取值为[0.89802637 0.80119429 1.09293337 1.19228499]，下降方向为[ 0.07353083  0.1375944  -0.06168603 -0.13258546]，当前函数值为0.0379622
23-11-2020:21:55:05,271 INFO     [fletcher_freeman.py:111] 特征值全为正
23-11-2020:21:55:05,275 INFO     [fletcher_freeman.py:125] 迭代第66轮，当前函数调用次数793，当前X取值为[0.92674935 0.8549421  1.06883726 1.1404938 ]，下降方向为[ 0.05658421  0.10895058 -0.05009859 -0.10516776]，当前函数值为0.02033645
23-11-2020:21:55:05,452 INFO     [fletcher_freeman.py:111] 特征值全为正
23-11-2020:21:55:05,454 INFO     [fletcher_freeman.py:125] 迭代第67轮，当前函数调用次数805，当前X取值为[0.94885256 0.89750093 1.0492675  1.09941264]，下降方向为[ 0.04202246  0.0826433  -0.03882673 -0.07993168]，当前函数值为0.01022695
23-11-2020:21:55:05,589 INFO     [fletcher_freeman.py:111] 特征值全为正
23-11-2020:21:55:05,592 INFO     [fletcher_freeman.py:125] 迭代第68轮，当前函数调用次数817，当前X取值为[0.96526758 0.92978346 1.0341008  1.06818933]，下降方向为[ 0.03008258  0.06007045 -0.02871231 -0.05821137]，当前函数值为0.0048336
23-11-2020:21:55:05,867 INFO     [fletcher_freeman.py:111] 特征值全为正
23-11-2020:21:55:05,870 INFO     [fletcher_freeman.py:125] 迭代第69轮，当前函数调用次数829，当前X取值为[0.97701859 0.95324848 1.02288506 1.04545051]，下降方向为[ 0.02077419  0.04192709 -0.02030431 -0.04069735]，当前函数值为0.00215633
23-11-2020:21:55:06,6 INFO     [fletcher_freeman.py:111] 特征值全为正
23-11-2020:21:55:06,9 INFO     [fletcher_freeman.py:125] 迭代第70轮，当前函数调用次数841，当前X取值为[0.98513351 0.96962625 1.01495369 1.02955311]，下降方向为[ 0.01388423  0.02822458 -0.01379827 -0.02743285]，当前函数值为0.0009148
23-11-2020:21:55:06,141 INFO     [fletcher_freeman.py:111] 特征值全为正
23-11-2020:21:55:06,145 INFO     [fletcher_freeman.py:125] 迭代第71轮，当前函数调用次数853，当前X取值为[0.99055704 0.98065148 1.00956374 1.01883715]，下降方向为[ 0.00902876  0.01844171 -0.00907459 -0.0179417 ]，当前函数值为0.00037263
23-11-2020:21:55:06,346 INFO     [fletcher_freeman.py:111] 特征值全为正
23-11-2020:21:55:06,349 INFO     [fletcher_freeman.py:125] 迭代第72轮，当前函数调用次数865，当前X取值为[0.9940839  0.98785527 1.00601898 1.01182867]，下降方向为[ 0.00574854  0.01177774 -0.00582059 -0.01146606]，当前函数值为0.0001472
23-11-2020:21:55:06,519 INFO     [fletcher_freeman.py:111] 特征值全为正
23-11-2020:21:55:06,521 INFO     [fletcher_freeman.py:125] 迭代第73轮，当前函数调用次数877，当前X取值为[0.99632942 0.99245595 1.00374531 1.00734974]，下降方向为[ 0.00360478  0.00739991 -0.00366728 -0.00720726]，当前函数值为5.69e-05
23-11-2020:21:55:06,629 INFO     [fletcher_freeman.py:111] 特征值全为正
23-11-2020:21:55:06,631 INFO     [fletcher_freeman.py:125] 迭代第74轮，当前函数调用次数889，当前X取值为[0.99773754 0.99534654 1.00231278 1.00453441]，下降方向为[ 0.00223714  0.00459799 -0.00228272 -0.00447956]，当前函数值为2.168e-05
23-11-2020:21:55:06,751 INFO     [fletcher_freeman.py:111] 特征值全为正
23-11-2020:21:55:06,754 INFO     [fletcher_freeman.py:125] 迭代第75轮，当前函数调用次数901，当前X取值为[0.99861142 0.99714263 1.00142109 1.00278458]，下降方向为[ 0.00137897  0.0028363  -0.00140967 -0.00276375]，当前函数值为8.18e-06
23-11-2020:21:55:06,955 INFO     [fletcher_freeman.py:111] 特征值全为正
23-11-2020:21:55:06,958 INFO     [fletcher_freeman.py:125] 迭代第76轮，当前函数调用次数913，当前X取值为[0.99915008 0.99825056 1.00087044 1.00170499]，下降方向为[ 0.0008463   0.00174151 -0.00086614 -0.00169715]，当前函数值为3.07e-06
23-11-2020:21:55:07,150 INFO     [fletcher_freeman.py:111] 特征值全为正
23-11-2020:21:55:07,152 INFO     [fletcher_freeman.py:125] 迭代第77轮，当前函数调用次数925，当前X取值为[0.99948066 0.99893084 1.0005321  1.00104204]，下降方向为[ 0.00051798  0.00106619 -0.00053049 -0.0010391 ]，当前函数值为1.15e-06
23-11-2020:21:55:07,288 INFO     [fletcher_freeman.py:111] 特征值全为正
23-11-2020:21:55:07,291 INFO     [fletcher_freeman.py:125] 迭代第78轮，当前函数调用次数937，当前X取值为[0.999683   0.99934732 1.00032488 1.00063614]，下降方向为[ 0.00031649  0.00065157 -0.00032428 -0.00063505]，当前函数值为4.3e-07
23-11-2020:21:55:07,441 INFO     [fletcher_freeman.py:111] 特征值全为正
23-11-2020:21:55:07,445 INFO     [fletcher_freeman.py:125] 迭代第79轮，当前函数调用次数949，当前X取值为[0.99980663 0.99960184 1.00019821 1.00038808]，下降方向为[ 0.00019318  0.00039775 -0.00019798 -0.00038767]，当前函数值为1.6e-07
23-11-2020:21:55:07,658 INFO     [fletcher_freeman.py:111] 特征值全为正
23-11-2020:21:55:07,663 INFO     [fletcher_freeman.py:125] 迭代第80轮，当前函数调用次数961，当前X取值为[0.99988209 0.99975721 1.00012087 1.00023664]，下降方向为[ 0.00011784  0.00024264 -0.00012079 -0.00023649]，当前函数值为6e-08
23-11-2020:21:55:07,817 INFO     [fletcher_freeman.py:111] 特征值全为正
23-11-2020:21:55:07,819 INFO     [fletcher_freeman.py:125] 迭代第81轮，当前函数调用次数973，当前X取值为[0.99992812 0.99985199 1.00007369 1.00014426]，下降方向为[ 7.18515518e-05  1.47953518e-04 -7.36572934e-05 -1.44208197e-04]，当前函数值为2e-08
23-11-2020:21:55:07,937 INFO     [fletcher_freeman.py:111] 特征值全为正
23-11-2020:21:55:07,940 INFO     [fletcher_freeman.py:125] 迭代第82轮，当前函数调用次数985，当前X取值为[0.99995619 0.99990978 1.00004492 1.00008793]，下降方向为[ 4.38009285e-05  9.01950871e-05 -4.49043966e-05 -8.79123916e-05]，当前函数值为1e-08
23-11-2020:21:55:08,86 INFO     [fletcher_freeman.py:138] 因为函数值下降在1e-08以内，ILS的FF方法，迭代结束，迭代轮次82，函数调用次数996，最终X=[0.99995619 0.99990978 1.00004492 1.00008793]，最终函数值=3.0318786269360064e-09
23-11-2020:21:55:08,86 INFO     [main.py:371] GLL线搜索下的FF方法
23-11-2020:21:55:08,97 INFO     [fletcher_freeman.py:111] 特征值全为正
23-11-2020:21:55:08,110 INFO     [fletcher_freeman.py:128] 迭代第0轮，当前函数调用次数1，当前X取值为[-3 -1 -3 -1]，下降方向为[0.30318037 7.1764779  0.33664071 6.86480406]，当前函数值为19192.0
23-11-2020:21:55:08,131 INFO     [fletcher_freeman.py:111] 特征值全为正
23-11-2020:21:55:08,151 INFO     [fletcher_freeman.py:128] 迭代第1轮，当前函数调用次数4，当前X取值为[-2.84840981  2.58823895 -2.83167965  2.43240203]，下降方向为[0.401739   2.46334229 0.43846914 2.24449574]，当前函数值为5981.83341736
23-11-2020:21:55:08,174 INFO     [fletcher_freeman.py:111] 特征值全为正
23-11-2020:21:55:08,194 INFO     [fletcher_freeman.py:128] 迭代第2轮，当前函数调用次数7，当前X取值为[-2.64754031  3.8199101  -2.61244508  3.5546499 ]，下降方向为[0.46776999 0.15515046 0.49949124 0.04179683]，当前函数值为2295.03947813
23-11-2020:21:55:08,217 INFO     [fletcher_freeman.py:111] 特征值全为正
23-11-2020:21:55:08,237 INFO     [fletcher_freeman.py:128] 迭代第3轮，当前函数调用次数10，当前X取值为[-2.41365532  3.89748533 -2.36269946  3.57554832]，下降方向为[ 0.48813167 -0.81201998  0.50923055 -0.8253315 ]，当前函数值为1056.77795626
23-11-2020:21:55:08,260 INFO     [fletcher_freeman.py:111] 特征值全为正
23-11-2020:21:55:08,274 INFO     [fletcher_freeman.py:128] 迭代第4轮，当前函数调用次数13，当前X取值为[-2.16958948  3.49147534 -2.10808418  3.16288257]，下降方向为[ 0.46840039 -1.07305436  0.4788452  -1.02183307]，当前函数值为531.84452563
23-11-2020:21:55:08,291 INFO     [fletcher_freeman.py:111] 特征值全为正
23-11-2020:21:55:08,308 INFO     [fletcher_freeman.py:128] 迭代第5轮，当前函数调用次数16，当前X取值为[-1.93538929  2.95494816 -1.86866158  2.65196603]，下降方向为[ 0.42264432 -1.01137633  0.42586933 -0.93583946]，当前函数值为272.98049602
23-11-2020:21:55:08,327 INFO     [fletcher_freeman.py:111] 特征值全为正
23-11-2020:21:55:08,346 INFO     [fletcher_freeman.py:128] 迭代第6轮，当前函数调用次数19，当前X取值为[-1.72406713  2.44925999 -1.65572691  2.1840463 ]，下降方向为[ 0.36422673 -0.8364316   0.36377736 -0.76201862]，当前函数值为139.15286372
23-11-2020:21:55:08,360 INFO     [fletcher_freeman.py:111] 特征值全为正
23-11-2020:21:55:08,370 INFO     [fletcher_freeman.py:128] 迭代第7轮，当前函数调用次数22，当前X取值为[-1.54195376  2.0310442  -1.47383824  1.80303699]，下降方向为[ 0.30218991 -0.64600749  0.30032661 -0.5831354 ]，当前函数值为70.50198052
23-11-2020:21:55:08,383 INFO     [fletcher_freeman.py:111] 特征值全为正
23-11-2020:21:55:08,394 INFO     [fletcher_freeman.py:128] 迭代第8轮，当前函数调用次数25，当前X取值为[-1.39085881  1.70804045 -1.32367493  1.51146929]，下降方向为[ 0.24153235 -0.47702465  0.23942796 -0.42798417]，当前函数值为36.33138096
23-11-2020:21:55:08,407 INFO     [fletcher_freeman.py:111] 特征值全为正
23-11-2020:21:55:08,417 INFO     [fletcher_freeman.py:128] 迭代第9轮，当前函数调用次数28，当前X取值为[-1.27009263  1.46952813 -1.20396095  1.29747721]，下降方向为[ 0.18487244 -0.33869735  0.18313237 -0.30272602]，当前函数值为20.03958326
23-11-2020:21:55:08,429 INFO     [fletcher_freeman.py:111] 特征值全为正
23-11-2020:21:55:08,440 INFO     [fletcher_freeman.py:128] 迭代第10轮，当前函数调用次数31，当前X取值为[-1.17765641  1.30017945 -1.11239477  1.14611419]，下降方向为[ 0.13399532 -0.2300932   0.13300048 -0.20562159]，当前函数值为12.70050063
23-11-2020:21:55:08,452 INFO     [fletcher_freeman.py:111] 特征值全为正
23-11-2020:21:55:08,464 INFO     [fletcher_freeman.py:128] 迭代第11轮，当前函数调用次数34，当前X取值为[-1.11065875  1.18513285 -1.04589453  1.0433034 ]，下降方向为[ 0.09066365 -0.14782242  0.09077217 -0.13328993]，当前函数值为9.62931338
23-11-2020:21:55:08,476 INFO     [fletcher_freeman.py:111] 特征值全为正
23-11-2020:21:55:08,487 INFO     [fletcher_freeman.py:128] 迭代第12轮，当前函数调用次数37，当前X取值为[-1.06532693  1.11122164 -1.00050844  0.97665843]，下降方向为[ 0.05638301 -0.08825842  0.05816226 -0.08265567]，当前函数值为8.45621852
23-11-2020:21:55:08,499 INFO     [fletcher_freeman.py:111] 特征值全为正
23-11-2020:21:55:08,518 INFO     [fletcher_freeman.py:128] 迭代第13轮，当前函数调用次数40，当前X取值为[-1.03713542  1.06709243 -0.97142731  0.9353306 ]，下降方向为[ 0.03131049 -0.0469773   0.03603923 -0.05091958]，当前函数值为8.05182483
23-11-2020:21:55:08,540 INFO     [fletcher_freeman.py:111] 特征值全为正
23-11-2020:21:55:08,559 INFO     [fletcher_freeman.py:128] 迭代第14轮，当前函数调用次数43，当前X取值为[-1.02148018  1.04360379 -0.9534077   0.90987081]，下降方向为[ 0.01322036 -0.0173582   0.02430427 -0.03596481]，当前函数值为7.92569206
23-11-2020:21:55:08,581 INFO     [fletcher_freeman.py:111] 特征值全为正
23-11-2020:21:55:08,600 INFO     [fletcher_freeman.py:128] 迭代第15轮，当前函数调用次数46，当前X取值为[-1.01487     1.03492469 -0.94125556  0.89188841]，下降方向为[-0.00393015  0.0129405   0.02471873 -0.04099209]，当前函数值为7.88940811
23-11-2020:21:55:08,622 INFO     [fletcher_freeman.py:111] 特征值全为正
23-11-2020:21:55:08,641 INFO     [fletcher_freeman.py:128] 迭代第16轮，当前函数调用次数49，当前X取值为[-1.01683508  1.04139494 -0.92889619  0.87139236]，下降方向为[-0.04612263  0.09616333  0.06134941 -0.11078494]，当前函数值为7.87932262
23-11-2020:21:55:08,663 INFO     [fletcher_freeman.py:111] 特征值全为正
23-11-2020:21:55:08,682 INFO     [fletcher_freeman.py:128] 迭代第17轮，当前函数调用次数52，当前X取值为[-1.03989639  1.0894766  -0.89822149  0.81599989]，下降方向为[-0.19327278  0.40310872  0.23117011 -0.41180391]，当前函数值为7.87541056
23-11-2020:21:55:08,724 INFO     [fletcher_freeman.py:111] 特征值全为正
23-11-2020:21:55:08,763 INFO     [fletcher_freeman.py:128] 迭代第18轮，当前函数调用次数55，当前X取值为[-1.13653278  1.29103096 -0.78263643  0.61009794]，下降方向为[-0.01506968  0.04440478  0.04004474 -0.04801321]，当前函数值为7.88726045
23-11-2020:21:55:08,805 INFO     [fletcher_freeman.py:111] 特征值全为正
23-11-2020:21:55:08,838 INFO     [fletcher_freeman.py:128] 迭代第19轮，当前函数调用次数58，当前X取值为[-1.14406762  1.31323335 -0.76261406  0.58609133]，下降方向为[-0.0596847   0.14162871  0.10052973 -0.14513914]，当前函数值为7.8617804
23-11-2020:21:55:08,858 INFO     [fletcher_freeman.py:111] 特征值全为正
23-11-2020:21:55:08,868 INFO     [fletcher_freeman.py:128] 迭代第20轮，当前函数调用次数61，当前X取值为[-1.17390997  1.3840477  -0.71234919  0.51352176]，下降方向为[-0.13464431  0.31928404  0.2322572  -0.32345125]，当前函数值为7.84563314
23-11-2020:21:55:08,880 INFO     [fletcher_freeman.py:111] 特征值全为正
23-11-2020:21:55:08,891 INFO     [fletcher_freeman.py:128] 迭代第21轮，当前函数调用次数64，当前X取值为[-1.24123213  1.54368972 -0.59622059  0.35179614]，下降方向为[-0.04128591  0.10855196  0.10565651 -0.10906995]，当前函数值为7.82447506
23-11-2020:21:55:08,903 INFO     [fletcher_freeman.py:111] 特征值全为正
23-11-2020:21:55:08,913 INFO     [fletcher_freeman.py:128] 迭代第22轮，当前函数调用次数67，当前X取值为[-1.26187508  1.5979657  -0.54339234  0.29726116]，下降方向为[-0.10806546  0.27600106  0.26766736 -0.27886166]，当前函数值为7.78062863
23-11-2020:21:55:08,925 INFO     [fletcher_freeman.py:111] 特征值全为正
23-11-2020:21:55:08,935 INFO     [fletcher_freeman.py:128] 迭代第23轮，当前函数调用次数70，当前X取值为[-1.31590781  1.73596623 -0.40955866  0.15783033]，下降方向为[-0.03399199  0.09392418  0.14304177 -0.09354049]，当前函数值为7.72285745
23-11-2020:21:55:08,947 INFO     [fletcher_freeman.py:111] 特征值全为正
23-11-2020:21:55:08,958 INFO     [fletcher_freeman.py:128] 迭代第24轮，当前函数调用次数73，当前X取值为[-1.33290381  1.78292832 -0.33803778  0.11106008]，下降方向为[-0.06840886  0.18475383  0.30087465 -0.18601567]，当前函数值为7.62957491
23-11-2020:21:55:08,970 INFO     [fletcher_freeman.py:111] 特征值全为正
23-11-2020:21:55:08,981 INFO     [fletcher_freeman.py:128] 迭代第25轮，当前函数调用次数76，当前X取值为[-1.36710824  1.87530523 -0.18760045  0.01805225]，下降方向为[-0.01226585  0.03586272  0.17587488 -0.03495601]，当前函数值为7.50270135
23-11-2020:21:55:08,992 INFO     [fletcher_freeman.py:111] 特征值全为正
23-11-2020:21:55:09,3 INFO     [fletcher_freeman.py:128] 迭代第26轮，当前函数调用次数79，当前X取值为[-1.37324117e+00  1.89323659e+00 -9.96630096e-02  5.74243376e-04]，下降方向为[-0.01415674  0.04005177  0.31636694 -0.03974532]，当前函数值为7.32593636
23-11-2020:21:55:09,14 INFO     [fletcher_freeman.py:111] 特征值全为正
23-11-2020:21:55:09,24 INFO     [fletcher_freeman.py:128] 迭代第27轮，当前函数调用次数82，当前X取值为[-1.38031954  1.91326248  0.05852046 -0.01929842]，下降方向为[ 0.02202415 -0.06011128  0.21322506  0.06133704]，当前函数值为7.09105933
23-11-2020:21:55:09,37 INFO     [fletcher_freeman.py:111] 特征值全为正
23-11-2020:21:55:09,47 INFO     [fletcher_freeman.py:128] 迭代第28轮，当前函数调用次数85，当前X取值为[-1.36930746  1.88320684  0.16513299  0.0113701 ]，下降方向为[ 0.04866132 -0.1327032   0.31859689  0.13442579]，当前函数值为6.80161815
23-11-2020:21:55:09,59 INFO     [fletcher_freeman.py:111] 特征值全为正
23-11-2020:21:55:09,94 INFO     [fletcher_freeman.py:128] 迭代第29轮，当前函数调用次数88，当前X取值为[-1.3449768   1.81685524  0.32443143  0.078583  ]，下降方向为[ 0.07345461 -0.19660663  0.24576577  0.19898645]，当前函数值为6.43705835
23-11-2020:21:55:09,116 INFO     [fletcher_freeman.py:111] 特征值全为正
23-11-2020:21:55:09,135 INFO     [fletcher_freeman.py:128] 迭代第30轮，当前函数调用次数91，当前X取值为[-1.30824949  1.71855192  0.44731432  0.17807622]，下降方向为[ 0.11723449 -0.30477483  0.30711841  0.30883525]，当前函数值为6.02620546
23-11-2020:21:55:09,157 INFO     [fletcher_freeman.py:111] 特征值全为正
23-11-2020:21:55:09,176 INFO     [fletcher_freeman.py:128] 迭代第31轮，当前函数调用次数94，当前X取值为[-1.24963225  1.56616451  0.60087352  0.33249385]，下降方向为[ 0.14060562 -0.34704005  0.26113475  0.35350704]，当前函数值为5.55052953
23-11-2020:21:55:09,198 INFO     [fletcher_freeman.py:111] 特征值全为正
23-11-2020:21:55:09,217 INFO     [fletcher_freeman.py:128] 迭代第32轮，当前函数调用次数97，当前X取值为[-1.17932944  1.39264448  0.7314409   0.50924737]，下降方向为[ 0.18437692 -0.42796525  0.27545423  0.43846816]，当前函数值为5.05594019
23-11-2020:21:55:09,259 INFO     [fletcher_freeman.py:111] 特征值全为正
23-11-2020:21:55:09,290 INFO     [fletcher_freeman.py:128] 迭代第33轮，当前函数调用次数100，当前X取值为[-1.08714098  1.17866186  0.86916801  0.72848145]，下降方向为[ 0.20284711 -0.4297665   0.23656322  0.44621467]，当前函数值为4.5462691
23-11-2020:21:55:09,312 INFO     [fletcher_freeman.py:111] 特征值全为正
23-11-2020:21:55:09,332 INFO     [fletcher_freeman.py:128] 迭代第34轮，当前函数调用次数103，当前X取值为[-0.98571743  0.96377861  0.98744962  0.95158878]，下降方向为[ 0.2215779  -0.42178454  0.20941606  0.44312823]，当前函数值为4.07061829
23-11-2020:21:55:09,354 INFO     [fletcher_freeman.py:111] 特征值全为正
23-11-2020:21:55:09,372 INFO     [fletcher_freeman.py:128] 迭代第35轮，当前函数调用次数106，当前X取值为[-0.87492848  0.75288634  1.09215765  1.1731529 ]，下降方向为[ 0.22091008 -0.36768001  0.16790269  0.39075244]，当前函数值为3.64689449
23-11-2020:21:55:09,395 INFO     [fletcher_freeman.py:111] 特征值全为正
23-11-2020:21:55:09,414 INFO     [fletcher_freeman.py:128] 迭代第36轮，当前函数调用次数109，当前X取值为[-0.76447344  0.56904634  1.176109    1.36852912]，下降方向为[ 0.21857343 -0.31309842  0.13390801  0.33282257]，当前函数值为3.29035694
23-11-2020:21:55:09,432 INFO     [fletcher_freeman.py:111] 特征值全为正
23-11-2020:21:55:09,445 INFO     [fletcher_freeman.py:128] 迭代第37轮，当前函数调用次数112，当前X取值为[-0.65518672  0.41249712  1.243063    1.5349404 ]，下降方向为[ 0.21489627 -0.25933166  0.10492568  0.27354541]，当前函数值为2.98995419
23-11-2020:21:55:09,459 INFO     [fletcher_freeman.py:111] 特征值全为正
23-11-2020:21:55:09,471 INFO     [fletcher_freeman.py:128] 迭代第38轮，当前函数调用次数115，当前X取值为[-0.54773858  0.28283129  1.29552584  1.67171311]，下降方向为[ 0.21363031 -0.21136556  0.0816507   0.22027334]，当前函数值为2.72993732
23-11-2020:21:55:09,483 INFO     [fletcher_freeman.py:111] 特征值全为正
23-11-2020:21:55:09,494 INFO     [fletcher_freeman.py:128] 迭代第39轮，当前函数调用次数118，当前X取值为[-0.44092343  0.17714851  1.33635119  1.78184978]，下降方向为[ 0.21391281 -0.16583533  0.06175274  0.17087058]，当前函数值为2.49494737
23-11-2020:21:55:09,507 INFO     [fletcher_freeman.py:111] 特征值全为正
23-11-2020:21:55:09,517 INFO     [fletcher_freeman.py:128] 迭代第40轮，当前函数调用次数121，当前X取值为[-0.33396702  0.09423085  1.36722756  1.86728507]，下降方向为[ 0.21525016 -0.12087317  0.04381304  0.12356607]，当前函数值为2.27381576
23-11-2020:21:55:09,529 INFO     [fletcher_freeman.py:111] 特征值全为正
23-11-2020:21:55:09,539 INFO     [fletcher_freeman.py:128] 迭代第41轮，当前函数调用次数124，当前X取值为[-0.22634194  0.03379426  1.38913408  1.9290681 ]，下降方向为[ 0.21677944 -0.0750942   0.02677281  0.07668284]，当前函数值为2.05877628
23-11-2020:21:55:09,551 INFO     [fletcher_freeman.py:111] 特征值全为正
23-11-2020:21:55:09,561 INFO     [fletcher_freeman.py:128] 迭代第42轮，当前函数调用次数127，当前X取值为[-0.11795222 -0.00375284  1.40252049  1.96740952]，下降方向为[ 0.21785872 -0.02820171  0.01008279  0.02956872]，当前函数值为1.84481436
23-11-2020:21:55:09,577 INFO     [fletcher_freeman.py:111] 特征值全为正
23-11-2020:21:55:09,588 INFO     [fletcher_freeman.py:128] 迭代第43轮，当前函数调用次数130，当前X取值为[-0.00902286 -0.01785369  1.40756188  1.98219388]，下降方向为[ 0.2178668   0.01935842 -0.00647954 -0.01761666]，当前函数值为1.62921941
23-11-2020:21:55:09,601 INFO     [fletcher_freeman.py:111] 特征值全为正
23-11-2020:21:55:09,614 INFO     [fletcher_freeman.py:128] 迭代第44轮，当前函数调用次数133，当前X取值为[ 0.09991054 -0.00817448  1.40432211  1.97338555]，下降方向为[ 0.21626223  0.0664494  -0.02285941 -0.06393924]，当前函数值为1.41150835
23-11-2020:21:55:09,637 INFO     [fletcher_freeman.py:111] 特征值全为正
23-11-2020:21:55:09,656 INFO     [fletcher_freeman.py:128] 迭代第45轮，当前函数调用次数136，当前X取值为[0.20804165 0.02505022 1.39289241 1.94141593]，下降方向为[ 0.21251777  0.11135351 -0.03876885 -0.10782068]，当前函数值为1.19343517
23-11-2020:21:55:09,698 INFO     [fletcher_freeman.py:111] 特征值全为正
23-11-2020:21:55:09,729 INFO     [fletcher_freeman.py:128] 迭代第46轮，当前函数调用次数139，当前X取值为[0.31430054 0.08072697 1.37350798 1.88750559]，下降方向为[ 0.20613617  0.1518496  -0.05369391 -0.14714751]，当前函数值为0.97892388
23-11-2020:21:55:09,775 INFO     [fletcher_freeman.py:111] 特征值全为正
23-11-2020:21:55:09,818 INFO     [fletcher_freeman.py:128] 迭代第47轮，当前函数调用次数142，当前X取值为[0.41736863 0.15665177 1.34666102 1.81393184]，下降方向为[ 0.19666231  0.18534936 -0.06689876 -0.17944003]，当前函数值为0.77374326
23-11-2020:21:55:09,868 INFO     [fletcher_freeman.py:111] 特征值全为正
23-11-2020:21:55:09,927 INFO     [fletcher_freeman.py:128] 迭代第48轮，当前函数调用次数145，当前X取值为[0.51569978 0.24932645 1.31321165 1.72421183]，下降方向为[ 0.18375845  0.20915639 -0.07745613 -0.20214069]，当前函数值为0.58480981
23-11-2020:21:55:09,950 INFO     [fletcher_freeman.py:111] 特征值全为正
23-11-2020:21:55:09,963 INFO     [fletcher_freeman.py:128] 迭代第49轮，当前函数调用次数148，当前X取值为[0.60757901 0.35390464 1.27448358 1.62314148]，下降方向为[ 0.16732885  0.22092546 -0.08435042 -0.21308797]，当前函数值为0.41907199
23-11-2020:21:55:09,977 INFO     [fletcher_freeman.py:111] 特征值全为正
23-11-2020:21:55:09,989 INFO     [fletcher_freeman.py:128] 迭代第50轮，当前函数调用次数151，当前X取值为[0.69124343 0.46436738 1.23230837 1.5165975 ]，下降方向为[ 0.14768421  0.21933012 -0.0866934  -0.21116288]，当前函数值为0.28208565
23-11-2020:21:55:10,2 INFO     [fletcher_freeman.py:111] 特征值全为正
23-11-2020:21:55:10,13 INFO     [fletcher_freeman.py:128] 迭代第51轮，当前函数调用次数154，当前X取值为[0.76508554 0.57403244 1.18896167 1.41101606]，下降方向为[ 0.12565585  0.2047441  -0.08402946 -0.19689624]，当前函数值为0.17661786
23-11-2020:21:55:10,26 INFO     [fletcher_freeman.py:111] 特征值全为正
23-11-2020:21:55:10,37 INFO     [fletcher_freeman.py:128] 迭代第52轮，当前函数调用次数157，当前X取值为[0.82791346 0.67640449 1.14694694 1.31256794]，下降方向为[ 0.10254071  0.17952505 -0.07660092 -0.17264927]，当前函数值为0.101826
23-11-2020:21:55:10,50 INFO     [fletcher_freeman.py:111] 特征值全为正
23-11-2020:21:55:10,62 INFO     [fletcher_freeman.py:128] 迭代第53轮，当前函数调用次数160，当前X取值为[0.87918382 0.76616701 1.10864648 1.2262433 ]，下降方向为[ 0.07984208  0.14757316 -0.06540599 -0.14212221]，当前函数值为0.05349675
23-11-2020:21:55:10,74 INFO     [fletcher_freeman.py:111] 特征值全为正
23-11-2020:21:55:10,86 INFO     [fletcher_freeman.py:128] 迭代第54轮，当前函数调用次数163，当前X取值为[0.91910486 0.83995359 1.07594348 1.1551822 ]，下降方向为[ 0.058951    0.11335296 -0.05201283 -0.10944951]，当前函数值为0.02533914
23-11-2020:21:55:10,100 INFO     [fletcher_freeman.py:111] 特征值全为正
23-11-2020:21:55:10,110 INFO     [fletcher_freeman.py:128] 迭代第55轮，当前函数调用次数166，当前X取值为[0.94858036 0.89663007 1.04993707 1.10045745]，下降方向为[ 0.04095621  0.08095706 -0.03825079 -0.07841922]，当前函数值为0.01071337
23-11-2020:21:55:10,124 INFO     [fletcher_freeman.py:111] 特征值全为正
23-11-2020:21:55:10,134 INFO     [fletcher_freeman.py:128] 迭代第56轮，当前函数调用次数169，当前X取值为[0.96905847 0.9371086  1.03081167 1.06124784]，下降方向为[ 0.02657762  0.05350763 -0.02585824 -0.05199163]，当前函数值为0.00401918
23-11-2020:21:55:10,146 INFO     [fletcher_freeman.py:111] 特征值全为正
23-11-2020:21:55:10,157 INFO     [fletcher_freeman.py:128] 迭代第57轮，当前函数调用次数172，当前X取值为[0.98234727 0.96386242 1.01788255 1.03525202]，下降方向为[ 0.01606967  0.03272639 -0.01606725 -0.03187952]，当前函数值为0.00134214
23-11-2020:21:55:10,169 INFO     [fletcher_freeman.py:111] 特征值全为正
23-11-2020:21:55:10,189 INFO     [fletcher_freeman.py:128] 迭代第58轮，当前函数调用次数175，当前X取值为[0.99038211 0.98022561 1.00984893 1.01931226]，下降方向为[ 0.00911178  0.01868265 -0.00926509 -0.01823131]，当前函数值为0.00040521
23-11-2020:21:55:10,231 INFO     [fletcher_freeman.py:111] 特征值全为正
23-11-2020:21:55:10,269 INFO     [fletcher_freeman.py:128] 迭代第59轮，当前函数调用次数178，当前X取值为[0.994938   0.98956694 1.00521638 1.01019661]，下降方向为[ 0.00491526  0.01011635 -0.00504654 -0.00988275]，当前函数值为0.0001134
23-11-2020:21:55:10,312 INFO     [fletcher_freeman.py:111] 特征值全为正
23-11-2020:21:55:10,351 INFO     [fletcher_freeman.py:128] 迭代第60轮，当前函数调用次数181，当前X取值为[0.99739563 0.99462511 1.00269311 1.00525523]，下降方向为[ 0.00256451  0.00528883 -0.00264689 -0.00516991]，当前函数值为3.019e-05
23-11-2020:21:55:10,392 INFO     [fletcher_freeman.py:111] 特征值全为正
23-11-2020:21:55:10,432 INFO     [fletcher_freeman.py:128] 迭代第61轮，当前函数调用次数184，当前X取值为[0.99867788 0.99726953 1.00136966 1.00267028]，下降方向为[ 0.0013117   0.00270798 -0.00135758 -0.00264797]，当前函数值为7.8e-06
23-11-2020:21:55:10,453 INFO     [fletcher_freeman.py:111] 特征值全为正
23-11-2020:21:55:10,472 INFO     [fletcher_freeman.py:128] 迭代第62轮，当前函数调用次数187，当前X取值为[0.99933373 0.99862352 1.00069088 1.00134629]，下降方向为[ 0.0006636   0.00137073 -0.00068778 -0.00134058]，当前函数值为1.98e-06
23-11-2020:21:55:10,494 INFO     [fletcher_freeman.py:111] 特征值全为正
23-11-2020:21:55:10,513 INFO     [fletcher_freeman.py:128] 迭代第63轮，当前函数调用次数190，当前X取值为[0.99966553 0.99930888 1.00034698 1.000676  ]，下降方向为[ 0.00033379  0.00068966 -0.0003462  -0.00067456]，当前函数值为5e-07
23-11-2020:21:55:10,534 INFO     [fletcher_freeman.py:111] 特征值全为正
23-11-2020:21:55:10,553 INFO     [fletcher_freeman.py:128] 迭代第64轮，当前函数调用次数193，当前X取值为[0.99983243 0.99965371 1.00017388 1.00033872]，下降方向为[ 0.0001674   0.00034592 -0.00017369 -0.00033836]，当前函数值为1.3e-07
23-11-2020:21:55:10,573 INFO     [fletcher_freeman.py:111] 特征值全为正
23-11-2020:21:55:10,586 INFO     [fletcher_freeman.py:128] 迭代第65轮，当前函数调用次数196，当前X取值为[0.99991613 0.99982667 1.00008704 1.00016954]，下降方向为[ 8.38272135e-05  1.73234319e-04 -8.69908932e-05 -1.69451014e-04]，当前函数值为3e-08
23-11-2020:21:55:10,598 INFO     [fletcher_freeman.py:111] 特征值全为正
23-11-2020:21:55:10,608 INFO     [fletcher_freeman.py:128] 迭代第66轮，当前函数调用次数199，当前X取值为[0.99995804 0.99991329 1.00004354 1.00008482]，下降方向为[ 4.19454626e-05  8.66859468e-05 -4.35324455e-05 -8.47937419e-05]，当前函数值为1e-08
23-11-2020:21:55:10,610 INFO     [fletcher_freeman.py:138] 因为函数值下降在1e-08以内，GLL的FF方法，迭代结束，迭代轮次66，函数调用次数201，最终X=[0.99995804 0.99991329 1.00004354 1.00008482]，最终函数值=1.9719297692203846e-09
